ERROR 2020-11-04 19:14:40,067 exception 74 Invalid HTTP_HOST header: '127.0.0.1:8000'. You may need to add '127.0.0.1' to ALLOWED_HOSTS.
WARNING 2020-11-04 19:14:40,156 basehttp 124 "GET / HTTP/1.1" 400 70971
ERROR 2020-11-04 19:14:40,430 exception 74 Invalid HTTP_HOST header: '127.0.0.1:8000'. You may need to add '127.0.0.1' to ALLOWED_HOSTS.
WARNING 2020-11-04 19:14:40,466 basehttp 124 "GET /favicon.ico HTTP/1.1" 400 71010
ERROR 2020-11-04 19:14:59,184 exception 74 Invalid HTTP_HOST header: '127.0.0.1:8000'. You may need to add '127.0.0.1' to ALLOWED_HOSTS.
WARNING 2020-11-04 19:14:59,238 basehttp 124 "GET / HTTP/1.1" 400 70836
ERROR 2020-11-04 19:14:59,456 exception 74 Invalid HTTP_HOST header: '127.0.0.1:8000'. You may need to add '127.0.0.1' to ALLOWED_HOSTS.
WARNING 2020-11-04 19:14:59,499 basehttp 124 "GET /favicon.ico HTTP/1.1" 400 70749
ERROR 2020-11-04 19:18:10,519 exception 74 Invalid HTTP_HOST header: '127.0.0.1:8000'. You may need to add '127.0.0.1' to ALLOWED_HOSTS.
WARNING 2020-11-04 19:18:10,557 basehttp 124 "GET /admin HTTP/1.1" 400 70891
ERROR 2020-11-04 19:18:10,652 exception 74 Invalid HTTP_HOST header: '127.0.0.1:8000'. You may need to add '127.0.0.1' to ALLOWED_HOSTS.
WARNING 2020-11-04 19:18:10,683 basehttp 124 "GET /favicon.ico HTTP/1.1" 400 70754
ERROR 2020-11-04 19:22:00,240 exception 74 Invalid HTTP_HOST header: '127.0.0.1:8000'. You may need to add '127.0.0.1' to ALLOWED_HOSTS.
WARNING 2020-11-04 19:22:00,304 basehttp 124 "GET /admin HTTP/1.1" 400 71026
ERROR 2020-11-04 19:22:00,385 exception 74 Invalid HTTP_HOST header: '127.0.0.1:8000'. You may need to add '127.0.0.1' to ALLOWED_HOSTS.
WARNING 2020-11-04 19:22:00,420 basehttp 124 "GET /favicon.ico HTTP/1.1" 400 71014
ERROR 2020-11-04 19:22:00,895 exception 74 Invalid HTTP_HOST header: '127.0.0.1:8000'. You may need to add '127.0.0.1' to ALLOWED_HOSTS.
WARNING 2020-11-04 19:22:00,928 basehttp 124 "GET /admin HTTP/1.1" 400 71025
ERROR 2020-11-04 19:22:00,998 exception 74 Invalid HTTP_HOST header: '127.0.0.1:8000'. You may need to add '127.0.0.1' to ALLOWED_HOSTS.
WARNING 2020-11-04 19:22:01,028 basehttp 124 "GET /favicon.ico HTTP/1.1" 400 71015
ERROR 2020-11-04 19:22:01,421 exception 74 Invalid HTTP_HOST header: '127.0.0.1:8000'. You may need to add '127.0.0.1' to ALLOWED_HOSTS.
WARNING 2020-11-04 19:22:01,455 basehttp 124 "GET /admin HTTP/1.1" 400 71026
ERROR 2020-11-04 19:22:01,521 exception 74 Invalid HTTP_HOST header: '127.0.0.1:8000'. You may need to add '127.0.0.1' to ALLOWED_HOSTS.
WARNING 2020-11-04 19:22:01,554 basehttp 124 "GET /favicon.ico HTTP/1.1" 400 71015
ERROR 2020-11-04 19:22:01,614 exception 74 Invalid HTTP_HOST header: '127.0.0.1:8000'. You may need to add '127.0.0.1' to ALLOWED_HOSTS.
WARNING 2020-11-04 19:22:01,648 basehttp 124 "GET /admin HTTP/1.1" 400 71026
ERROR 2020-11-04 19:22:01,729 exception 74 Invalid HTTP_HOST header: '127.0.0.1:8000'. You may need to add '127.0.0.1' to ALLOWED_HOSTS.
WARNING 2020-11-04 19:22:01,759 basehttp 124 "GET /favicon.ico HTTP/1.1" 400 71014
ERROR 2020-11-04 19:22:01,802 exception 74 Invalid HTTP_HOST header: '127.0.0.1:8000'. You may need to add '127.0.0.1' to ALLOWED_HOSTS.
WARNING 2020-11-04 19:22:01,835 basehttp 124 "GET /admin HTTP/1.1" 400 71026
ERROR 2020-11-04 19:22:01,914 exception 74 Invalid HTTP_HOST header: '127.0.0.1:8000'. You may need to add '127.0.0.1' to ALLOWED_HOSTS.
WARNING 2020-11-04 19:22:01,943 basehttp 124 "GET /favicon.ico HTTP/1.1" 400 71015
ERROR 2020-11-04 19:22:01,976 exception 74 Invalid HTTP_HOST header: '127.0.0.1:8000'. You may need to add '127.0.0.1' to ALLOWED_HOSTS.
WARNING 2020-11-04 19:22:02,006 basehttp 124 "GET /admin HTTP/1.1" 400 71026
ERROR 2020-11-04 19:22:02,087 exception 74 Invalid HTTP_HOST header: '127.0.0.1:8000'. You may need to add '127.0.0.1' to ALLOWED_HOSTS.
WARNING 2020-11-04 19:22:02,120 basehttp 124 "GET /favicon.ico HTTP/1.1" 400 71014
ERROR 2020-11-04 19:22:02,155 exception 74 Invalid HTTP_HOST header: '127.0.0.1:8000'. You may need to add '127.0.0.1' to ALLOWED_HOSTS.
WARNING 2020-11-04 19:22:02,186 basehttp 124 "GET /admin HTTP/1.1" 400 71026
ERROR 2020-11-04 19:22:02,252 exception 74 Invalid HTTP_HOST header: '127.0.0.1:8000'. You may need to add '127.0.0.1' to ALLOWED_HOSTS.
WARNING 2020-11-04 19:22:02,283 basehttp 124 "GET /favicon.ico HTTP/1.1" 400 71015
ERROR 2020-11-04 19:22:02,360 exception 74 Invalid HTTP_HOST header: '127.0.0.1:8000'. You may need to add '127.0.0.1' to ALLOWED_HOSTS.
WARNING 2020-11-04 19:22:02,396 basehttp 124 "GET /admin HTTP/1.1" 400 71026
ERROR 2020-11-04 19:22:02,465 exception 74 Invalid HTTP_HOST header: '127.0.0.1:8000'. You may need to add '127.0.0.1' to ALLOWED_HOSTS.
WARNING 2020-11-04 19:22:02,496 basehttp 124 "GET /favicon.ico HTTP/1.1" 400 71015
ERROR 2020-11-04 19:22:02,544 exception 74 Invalid HTTP_HOST header: '127.0.0.1:8000'. You may need to add '127.0.0.1' to ALLOWED_HOSTS.
WARNING 2020-11-04 19:22:02,575 basehttp 124 "GET /admin HTTP/1.1" 400 71025
ERROR 2020-11-04 19:22:02,644 exception 74 Invalid HTTP_HOST header: '127.0.0.1:8000'. You may need to add '127.0.0.1' to ALLOWED_HOSTS.
WARNING 2020-11-04 19:22:02,677 basehttp 124 "GET /favicon.ico HTTP/1.1" 400 71014
ERROR 2020-11-04 19:22:02,749 exception 74 Invalid HTTP_HOST header: '127.0.0.1:8000'. You may need to add '127.0.0.1' to ALLOWED_HOSTS.
WARNING 2020-11-04 19:22:02,783 basehttp 124 "GET /admin HTTP/1.1" 400 71025
ERROR 2020-11-04 19:22:02,862 exception 74 Invalid HTTP_HOST header: '127.0.0.1:8000'. You may need to add '127.0.0.1' to ALLOWED_HOSTS.
WARNING 2020-11-04 19:22:02,894 basehttp 124 "GET /favicon.ico HTTP/1.1" 400 71015
ERROR 2020-11-04 19:22:02,958 exception 74 Invalid HTTP_HOST header: '127.0.0.1:8000'. You may need to add '127.0.0.1' to ALLOWED_HOSTS.
WARNING 2020-11-04 19:22:02,994 basehttp 124 "GET /admin HTTP/1.1" 400 71026
ERROR 2020-11-04 19:22:03,060 exception 74 Invalid HTTP_HOST header: '127.0.0.1:8000'. You may need to add '127.0.0.1' to ALLOWED_HOSTS.
WARNING 2020-11-04 19:22:03,094 basehttp 124 "GET /favicon.ico HTTP/1.1" 400 71015
ERROR 2020-11-04 19:22:03,196 exception 74 Invalid HTTP_HOST header: '127.0.0.1:8000'. You may need to add '127.0.0.1' to ALLOWED_HOSTS.
WARNING 2020-11-04 19:22:03,232 basehttp 124 "GET /admin HTTP/1.1" 400 71025
ERROR 2020-11-04 19:22:03,303 exception 74 Invalid HTTP_HOST header: '127.0.0.1:8000'. You may need to add '127.0.0.1' to ALLOWED_HOSTS.
WARNING 2020-11-04 19:22:03,337 basehttp 124 "GET /favicon.ico HTTP/1.1" 400 71015
ERROR 2020-11-04 19:22:03,456 exception 74 Invalid HTTP_HOST header: '127.0.0.1:8000'. You may need to add '127.0.0.1' to ALLOWED_HOSTS.
WARNING 2020-11-04 19:22:03,492 basehttp 124 "GET /admin HTTP/1.1" 400 71026
ERROR 2020-11-04 19:22:03,578 exception 74 Invalid HTTP_HOST header: '127.0.0.1:8000'. You may need to add '127.0.0.1' to ALLOWED_HOSTS.
WARNING 2020-11-04 19:22:03,608 basehttp 124 "GET /favicon.ico HTTP/1.1" 400 71015
ERROR 2020-11-04 19:22:03,639 exception 74 Invalid HTTP_HOST header: '127.0.0.1:8000'. You may need to add '127.0.0.1' to ALLOWED_HOSTS.
WARNING 2020-11-04 19:22:03,673 basehttp 124 "GET /admin HTTP/1.1" 400 71026
ERROR 2020-11-04 19:22:03,742 exception 74 Invalid HTTP_HOST header: '127.0.0.1:8000'. You may need to add '127.0.0.1' to ALLOWED_HOSTS.
WARNING 2020-11-04 19:22:03,774 basehttp 124 "GET /favicon.ico HTTP/1.1" 400 71015
ERROR 2020-11-04 19:22:03,829 exception 74 Invalid HTTP_HOST header: '127.0.0.1:8000'. You may need to add '127.0.0.1' to ALLOWED_HOSTS.
WARNING 2020-11-04 19:22:03,860 basehttp 124 "GET /admin HTTP/1.1" 400 71026
ERROR 2020-11-04 19:22:03,935 exception 74 Invalid HTTP_HOST header: '127.0.0.1:8000'. You may need to add '127.0.0.1' to ALLOWED_HOSTS.
WARNING 2020-11-04 19:22:03,967 basehttp 124 "GET /favicon.ico HTTP/1.1" 400 71015
ERROR 2020-11-04 19:22:04,026 exception 74 Invalid HTTP_HOST header: '127.0.0.1:8000'. You may need to add '127.0.0.1' to ALLOWED_HOSTS.
WARNING 2020-11-04 19:22:04,062 basehttp 124 "GET /admin HTTP/1.1" 400 71026
ERROR 2020-11-04 19:22:04,129 exception 74 Invalid HTTP_HOST header: '127.0.0.1:8000'. You may need to add '127.0.0.1' to ALLOWED_HOSTS.
WARNING 2020-11-04 19:22:04,158 basehttp 124 "GET /favicon.ico HTTP/1.1" 400 71015
ERROR 2020-11-04 19:23:00,676 exception 74 Invalid HTTP_HOST header: '127.0.0.1:8000'. You may need to add '127.0.0.1' to ALLOWED_HOSTS.
WARNING 2020-11-04 19:23:00,710 basehttp 124 "GET /favicon.ico HTTP/1.1" 400 70749
INFO 2020-11-04 19:23:25,493 basehttp 124 "GET /admin/ HTTP/1.1" 200 4366
INFO 2020-11-04 19:23:25,531 basehttp 124 "GET /static/xadmin/vendor/bootstrap/css/bootstrap.css HTTP/1.1" 200 126432
INFO 2020-11-04 19:23:25,538 basehttp 124 "GET /static/xadmin/css/themes/bootstrap-xadmin.css HTTP/1.1" 200 1888
INFO 2020-11-04 19:23:25,546 basehttp 124 "GET /static/xadmin/css/xadmin.plugins.css HTTP/1.1" 200 175
INFO 2020-11-04 19:23:25,546 basehttp 124 "GET /static/xadmin/vendor/font-awesome/css/font-awesome.css HTTP/1.1" 200 21658
INFO 2020-11-04 19:23:25,547 basehttp 124 "GET /static/xadmin/css/xadmin.main.css HTTP/1.1" 200 8376
INFO 2020-11-04 19:23:25,548 basehttp 124 "GET /static/xadmin/css/xadmin.responsive.css HTTP/1.1" 200 4361
INFO 2020-11-04 19:23:25,554 basehttp 124 "GET /static/xadmin/vendor/jquery-ui/jquery.ui.core.js HTTP/1.1" 200 8195
INFO 2020-11-04 19:23:25,555 basehttp 124 "GET /static/xadmin/vendor/jquery-ui/jquery.ui.mouse.js HTTP/1.1" 200 4561
INFO 2020-11-04 19:23:25,557 basehttp 124 "GET /static/xadmin/vendor/jquery-ui/jquery.ui.widget.js HTTP/1.1" 200 15069
INFO 2020-11-04 19:23:25,561 basehttp 124 "GET /static/xadmin/vendor/jquery-ui/jquery.ui.sortable.js HTTP/1.1" 200 42543
INFO 2020-11-04 19:23:25,562 basehttp 124 "GET /static/xadmin/vendor/jquery/jquery.js HTTP/1.1" 200 240196
INFO 2020-11-04 19:23:25,562 basehttp 124 "GET /static/xadmin/vendor/bootstrap/js/bootstrap.js HTTP/1.1" 200 58327
INFO 2020-11-04 19:23:25,570 basehttp 124 "GET /static/xadmin/js/xadmin.main.js HTTP/1.1" 200 3401
INFO 2020-11-04 19:23:25,575 basehttp 124 "GET /static/xadmin/js/xadmin.responsive.js HTTP/1.1" 200 4165
INFO 2020-11-04 19:23:25,581 basehttp 124 "GET /static/xadmin/vendor/jquery-ui/jquery.ui.effect.js HTTP/1.1" 200 31918
INFO 2020-11-04 19:23:25,581 basehttp 124 "GET /static/xadmin/js/xadmin.plugin.themes.js HTTP/1.1" 200 3489
INFO 2020-11-04 19:23:25,587 basehttp 124 "GET /admin/jsi18n/ HTTP/1.1" 200 4373
INFO 2020-11-04 19:23:25,709 basehttp 124 "GET /static/xadmin/vendor/font-awesome/fonts/fontawesome-webfont.woff?v=4.0.3 HTTP/1.1" 200 44432
WARNING 2020-11-04 19:23:25,733 base 93 Not Found: /favicon.ico
WARNING 2020-11-04 19:23:25,733 basehttp 124 "GET /favicon.ico HTTP/1.1" 404 2203
INFO 2020-11-04 19:23:38,591 basehttp 124 "POST /admin/ HTTP/1.1" 302 0
INFO 2020-11-04 19:23:44,483 basehttp 124 "GET /admin/ HTTP/1.1" 200 14766
INFO 2020-11-04 19:23:44,533 basehttp 124 "GET /static/xadmin/css/xadmin.page.dashboard.css HTTP/1.1" 200 790
INFO 2020-11-04 19:23:44,534 basehttp 124 "GET /static/xadmin/js/xadmin.page.dashboard.js HTTP/1.1" 200 3208
INFO 2020-11-04 19:23:44,536 basehttp 124 "GET /static/xadmin/js/xadmin.plugin.portal.js HTTP/1.1" 200 1000
INFO 2020-11-04 19:23:48,572 basehttp 124 "GET /admin/jsi18n/ HTTP/1.1" 200 3185
INFO 2020-11-04 19:24:00,081 basehttp 124 "GET /admin/home/banner/ HTTP/1.1" 200 24743
INFO 2020-11-04 19:24:00,111 basehttp 124 "GET /static/xadmin/css/xadmin.form.css HTTP/1.1" 200 3763
INFO 2020-11-04 19:24:00,123 basehttp 124 "GET /static/xadmin/js/xadmin.plugin.details.js HTTP/1.1" 200 2319
INFO 2020-11-04 19:24:00,131 basehttp 124 "GET /static/xadmin/js/xadmin.plugin.bookmark.js HTTP/1.1" 200 529
INFO 2020-11-04 19:24:00,133 basehttp 124 "GET /static/xadmin/js/xadmin.page.form.js HTTP/1.1" 200 1948
INFO 2020-11-04 19:24:00,134 basehttp 124 "GET /static/xadmin/js/xadmin.page.list.js HTTP/1.1" 200 1105
INFO 2020-11-04 19:24:00,134 basehttp 124 "GET /static/xadmin/js/xadmin.plugin.filters.js HTTP/1.1" 200 1990
INFO 2020-11-04 19:24:04,144 basehttp 124 "GET /admin/jsi18n/ HTTP/1.1" 200 3185
INFO 2020-11-04 19:24:11,015 basehttp 124 "GET /admin/home/nav/ HTTP/1.1" 200 24895
INFO 2020-11-04 19:24:15,062 basehttp 124 "GET /admin/jsi18n/ HTTP/1.1" 200 3185
INFO 2020-11-04 19:25:00,100 basehttp 124 "GET /admin/home/banner/ HTTP/1.1" 200 24743
ERROR 2020-11-04 19:25:00,124 basehttp 124 "GET /admin/home/banner/ HTTP/1.1" 500 59
INFO 2020-11-04 19:25:01,082 basehttp 124 "GET /admin/ HTTP/1.1" 200 14766
ERROR 2020-11-04 19:25:01,083 basehttp 124 "GET /admin/ HTTP/1.1" 500 59
INFO 2020-11-04 19:25:01,613 basehttp 124 "GET /admin/ HTTP/1.1" 200 14766
ERROR 2020-11-04 19:25:01,614 basehttp 124 "GET /admin/ HTTP/1.1" 500 59
INFO 2020-11-04 19:25:20,410 basehttp 124 "GET /admin/ HTTP/1.1" 200 14766
ERROR 2020-11-04 19:25:20,411 basehttp 124 "GET /admin/ HTTP/1.1" 500 59
INFO 2020-11-04 19:25:20,574 basehttp 124 "GET /admin/ HTTP/1.1" 200 14766
ERROR 2020-11-04 19:25:20,575 basehttp 124 "GET /admin/ HTTP/1.1" 500 59
INFO 2020-11-04 19:25:20,780 basehttp 124 "GET /admin/home/banner/ HTTP/1.1" 200 24743
ERROR 2020-11-04 19:25:20,781 basehttp 124 "GET /admin/home/banner/ HTTP/1.1" 500 59
INFO 2020-11-04 19:25:20,946 basehttp 124 "GET /admin/home/nav/ HTTP/1.1" 200 24895
INFO 2020-11-04 19:25:46,268 basehttp 124 "GET /admin/home/nav/ HTTP/1.1" 200 24895
INFO 2020-11-04 19:25:46,299 basehttp 124 "GET /admin/jsi18n/ HTTP/1.1" 200 3185
INFO 2020-11-04 19:25:47,258 basehttp 124 "GET /admin/home/nav/ HTTP/1.1" 200 24895
INFO 2020-11-04 19:25:47,286 basehttp 124 "GET /admin/jsi18n/ HTTP/1.1" 200 3185
INFO 2020-11-04 19:25:48,051 basehttp 124 "GET /admin/home/nav/ HTTP/1.1" 200 24895
INFO 2020-11-04 19:25:48,080 basehttp 124 "GET /admin/jsi18n/ HTTP/1.1" 200 3185
INFO 2020-11-04 19:25:48,724 basehttp 124 "GET /admin/home/nav/ HTTP/1.1" 200 24895
INFO 2020-11-04 19:25:48,754 basehttp 124 "GET /admin/jsi18n/ HTTP/1.1" 200 3185
INFO 2020-11-04 19:25:51,315 basehttp 124 "GET /admin/home/banner/ HTTP/1.1" 200 24743
INFO 2020-11-04 19:25:51,343 basehttp 124 "GET /admin/jsi18n/ HTTP/1.1" 200 3185
INFO 2020-11-04 19:25:52,281 basehttp 124 "GET /admin/home/nav/ HTTP/1.1" 200 24895
INFO 2020-11-04 19:25:52,314 basehttp 124 "GET /admin/jsi18n/ HTTP/1.1" 200 3185
INFO 2020-11-04 19:25:52,980 basehttp 124 "GET /admin/home/banner/ HTTP/1.1" 200 24743
INFO 2020-11-04 19:25:53,018 basehttp 124 "GET /admin/jsi18n/ HTTP/1.1" 200 3185
INFO 2020-11-04 19:25:53,525 basehttp 124 "GET /admin/home/nav/ HTTP/1.1" 200 24895
INFO 2020-11-04 19:25:53,558 basehttp 124 "GET /admin/jsi18n/ HTTP/1.1" 200 3185
INFO 2020-11-04 19:25:54,923 basehttp 124 "GET /admin/home/nav/add/ HTTP/1.1" 200 19135
INFO 2020-11-04 19:25:54,951 basehttp 124 "GET /static/xadmin/vendor/select2/select2.css HTTP/1.1" 200 19226
INFO 2020-11-04 19:25:54,961 basehttp 124 "GET /static/xadmin/vendor/selectize/selectize.css HTTP/1.1" 200 8425
INFO 2020-11-04 19:25:54,968 basehttp 124 "GET /static/xadmin/vendor/selectize/selectize.bootstrap3.css HTTP/1.1" 200 10602
WARNING 2020-11-04 19:25:54,973 basehttp 124 "GET /static/xadmin/vendor/select2/select2_locale_en-us.js HTTP/1.1" 404 1759
INFO 2020-11-04 19:25:54,979 basehttp 124 "GET /static/xadmin/vendor/selectize/selectize.js HTTP/1.1" 200 98602
INFO 2020-11-04 19:25:54,979 basehttp 124 "GET /static/xadmin/js/xadmin.widget.select.js HTTP/1.1" 200 1344
INFO 2020-11-04 19:25:54,981 basehttp 124 "GET /admin/jsi18n/ HTTP/1.1" 200 3185
INFO 2020-11-04 19:25:54,982 basehttp 124 "GET /static/xadmin/vendor/select2/select2.js HTTP/1.1" 200 104906
WARNING 2020-11-04 19:25:55,026 basehttp 124 "GET /static/xadmin/vendor/select2/select2_locale_en-us.js HTTP/1.1" 404 1759
INFO 2020-11-04 19:26:04,732 basehttp 124 "GET /admin/home/banner/ HTTP/1.1" 200 24743
INFO 2020-11-04 19:26:04,763 basehttp 124 "GET /admin/jsi18n/ HTTP/1.1" 200 3185
INFO 2020-11-04 19:26:06,800 basehttp 124 "GET /admin/home/banner/add/ HTTP/1.1" 200 19790
INFO 2020-11-04 19:26:06,830 basehttp 124 "GET /static/xadmin/vendor/bootstrap-image-gallery/css/bootstrap-image-gallery.css HTTP/1.1" 200 3339
INFO 2020-11-04 19:26:06,833 basehttp 124 "GET /static/xadmin/vendor/load-image/load-image.js HTTP/1.1" 200 8309
INFO 2020-11-04 19:26:06,840 basehttp 124 "GET /static/xadmin/vendor/bootstrap-image-gallery/js/bootstrap-image-gallery.js HTTP/1.1" 200 15611
INFO 2020-11-04 19:26:06,841 basehttp 124 "GET /admin/jsi18n/ HTTP/1.1" 200 3185
INFO 2020-11-04 19:27:51,545 basehttp 124 "POST /admin/home/banner/add/ HTTP/1.1" 302 0
INFO 2020-11-04 19:27:51,620 basehttp 124 "GET /admin/home/banner/ HTTP/1.1" 200 28779
INFO 2020-11-04 19:27:51,654 basehttp 124 "GET /static/xadmin/js/xadmin.plugin.actions.js HTTP/1.1" 200 4198
INFO 2020-11-04 19:27:51,660 basehttp 124 "GET /admin/jsi18n/ HTTP/1.1" 200 3185
INFO 2020-11-04 19:27:55,396 basehttp 124 "GET /admin/home/banner/add/ HTTP/1.1" 200 19790
INFO 2020-11-04 19:27:55,435 basehttp 124 "GET /admin/jsi18n/ HTTP/1.1" 200 3185
INFO 2020-11-04 19:28:12,725 basehttp 124 "POST /admin/home/banner/add/ HTTP/1.1" 302 0
INFO 2020-11-04 19:28:12,815 basehttp 124 "GET /admin/home/banner/add/ HTTP/1.1" 200 20137
INFO 2020-11-04 19:28:12,849 basehttp 124 "GET /admin/jsi18n/ HTTP/1.1" 200 3185
INFO 2020-11-04 19:28:32,086 basehttp 124 "POST /admin/home/banner/add/ HTTP/1.1" 302 0
INFO 2020-11-04 19:28:32,178 basehttp 124 "GET /admin/home/banner/ HTTP/1.1" 200 29964
INFO 2020-11-04 19:28:32,219 basehttp 124 "GET /admin/jsi18n/ HTTP/1.1" 200 3185
INFO 2020-11-04 19:28:33,425 basehttp 124 "GET /admin/home/banner/2/update/ HTTP/1.1" 200 20277
INFO 2020-11-04 19:28:33,462 basehttp 124 "GET /admin/jsi18n/ HTTP/1.1" 200 3185
INFO 2020-11-04 19:28:33,476 basehttp 124 "GET /media/banner/02.png HTTP/1.1" 200 364808
INFO 2020-11-04 19:28:43,057 basehttp 124 "GET /admin/home/banner/2/delete/ HTTP/1.1" 200 15140
INFO 2020-11-04 19:28:43,094 basehttp 124 "GET /admin/jsi18n/ HTTP/1.1" 200 3185
INFO 2020-11-04 19:28:44,364 basehttp 124 "POST /admin/home/banner/2/delete/ HTTP/1.1" 302 0
INFO 2020-11-04 19:28:44,444 basehttp 124 "GET /admin/home/banner/ HTTP/1.1" 200 29314
INFO 2020-11-04 19:28:44,482 basehttp 124 "GET /admin/jsi18n/ HTTP/1.1" 200 3185
INFO 2020-11-04 19:28:46,875 basehttp 124 "GET /admin/home/banner/add/ HTTP/1.1" 200 19790
INFO 2020-11-04 19:28:46,913 basehttp 124 "GET /admin/jsi18n/ HTTP/1.1" 200 3185
INFO 2020-11-04 19:28:56,552 basehttp 124 "POST /admin/home/banner/add/ HTTP/1.1" 302 0
INFO 2020-11-04 19:28:56,639 basehttp 124 "GET /admin/home/banner/ HTTP/1.1" 200 29964
INFO 2020-11-04 19:28:56,681 basehttp 124 "GET /admin/jsi18n/ HTTP/1.1" 200 3185
INFO 2020-11-04 19:29:37,848 basehttp 124 "GET /admin/home/banner/4/update/ HTTP/1.1" 200 20293
INFO 2020-11-04 19:29:37,887 basehttp 124 "GET /admin/jsi18n/ HTTP/1.1" 200 3185
INFO 2020-11-04 19:29:37,903 basehttp 124 "GET /media/banner/02_Zlnt10w.png HTTP/1.1" 200 364808
INFO 2020-11-04 19:29:40,923 basehttp 124 "GET /admin/home/banner/4/delete/ HTTP/1.1" 200 15140
INFO 2020-11-04 19:29:40,959 basehttp 124 "GET /admin/jsi18n/ HTTP/1.1" 200 3185
INFO 2020-11-04 19:29:42,544 basehttp 124 "POST /admin/home/banner/4/delete/ HTTP/1.1" 302 0
INFO 2020-11-04 19:29:42,625 basehttp 124 "GET /admin/home/banner/ HTTP/1.1" 200 29314
INFO 2020-11-04 19:29:42,659 basehttp 124 "GET /admin/jsi18n/ HTTP/1.1" 200 3185
INFO 2020-11-04 19:29:45,055 basehttp 124 "GET /admin/home/banner/add/ HTTP/1.1" 200 19790
INFO 2020-11-04 19:29:45,092 basehttp 124 "GET /admin/jsi18n/ HTTP/1.1" 200 3185
INFO 2020-11-04 19:29:56,666 basehttp 124 "POST /admin/home/banner/add/ HTTP/1.1" 302 0
INFO 2020-11-04 19:29:56,751 basehttp 124 "GET /admin/home/banner/ HTTP/1.1" 200 29965
INFO 2020-11-04 19:29:56,786 basehttp 124 "GET /admin/jsi18n/ HTTP/1.1" 200 3185
INFO 2020-11-04 19:30:17,426 basehttp 124 "GET /admin/home/nav/ HTTP/1.1" 200 24895
INFO 2020-11-04 19:30:17,460 basehttp 124 "GET /admin/jsi18n/ HTTP/1.1" 200 3185
INFO 2020-11-04 19:30:19,561 basehttp 124 "GET /admin/home/nav/add/ HTTP/1.1" 200 19135
INFO 2020-11-04 19:30:19,603 basehttp 124 "GET /admin/jsi18n/ HTTP/1.1" 200 3185
WARNING 2020-11-04 19:30:19,608 basehttp 124 "GET /static/xadmin/vendor/select2/select2_locale_en-us.js HTTP/1.1" 404 1759
INFO 2020-11-04 19:31:31,703 basehttp 124 "POST /admin/home/nav/add/ HTTP/1.1" 302 0
INFO 2020-11-04 19:31:31,784 basehttp 124 "GET /admin/home/nav/ HTTP/1.1" 200 28911
INFO 2020-11-04 19:31:31,824 basehttp 124 "GET /admin/jsi18n/ HTTP/1.1" 200 3185
INFO 2020-11-04 19:31:34,280 basehttp 124 "GET /admin/home/nav/add/ HTTP/1.1" 200 19135
WARNING 2020-11-04 19:31:34,317 basehttp 124 "GET /static/xadmin/vendor/select2/select2_locale_en-us.js HTTP/1.1" 404 1759
INFO 2020-11-04 19:31:34,322 basehttp 124 "GET /admin/jsi18n/ HTTP/1.1" 200 3185
WARNING 2020-11-04 19:31:34,346 basehttp 124 "GET /static/xadmin/vendor/select2/select2_locale_en-us.js HTTP/1.1" 404 1759
INFO 2020-11-04 19:31:45,432 basehttp 124 "POST /admin/home/nav/add/ HTTP/1.1" 302 0
INFO 2020-11-04 19:31:45,519 basehttp 124 "GET /admin/home/nav/ HTTP/1.1" 200 29508
INFO 2020-11-04 19:31:45,561 basehttp 124 "GET /admin/jsi18n/ HTTP/1.1" 200 3185
INFO 2020-11-04 19:31:47,602 basehttp 124 "GET /admin/home/nav/add/ HTTP/1.1" 200 19135
WARNING 2020-11-04 19:31:47,638 basehttp 124 "GET /static/xadmin/vendor/select2/select2_locale_en-us.js HTTP/1.1" 404 1759
INFO 2020-11-04 19:31:47,644 basehttp 124 "GET /admin/jsi18n/ HTTP/1.1" 200 3185
WARNING 2020-11-04 19:31:47,672 basehttp 124 "GET /static/xadmin/vendor/select2/select2_locale_en-us.js HTTP/1.1" 404 1759
INFO 2020-11-04 19:31:59,414 basehttp 124 "POST /admin/home/nav/add/ HTTP/1.1" 302 0
INFO 2020-11-04 19:31:59,504 basehttp 124 "GET /admin/home/nav/add/ HTTP/1.1" 200 19478
WARNING 2020-11-04 19:31:59,540 basehttp 124 "GET /static/xadmin/vendor/select2/select2_locale_en-us.js HTTP/1.1" 404 1759
INFO 2020-11-04 19:31:59,546 basehttp 124 "GET /admin/jsi18n/ HTTP/1.1" 200 3185
WARNING 2020-11-04 19:31:59,575 basehttp 124 "GET /static/xadmin/vendor/select2/select2_locale_en-us.js HTTP/1.1" 404 1759
INFO 2020-11-04 19:32:15,666 basehttp 124 "POST /admin/home/nav/add/ HTTP/1.1" 302 0
INFO 2020-11-04 19:32:15,758 basehttp 124 "GET /admin/home/nav/add/ HTTP/1.1" 200 19478
WARNING 2020-11-04 19:32:15,792 basehttp 124 "GET /static/xadmin/vendor/select2/select2_locale_en-us.js HTTP/1.1" 404 1759
INFO 2020-11-04 19:32:15,798 basehttp 124 "GET /admin/jsi18n/ HTTP/1.1" 200 3185
WARNING 2020-11-04 19:32:15,826 basehttp 124 "GET /static/xadmin/vendor/select2/select2_locale_en-us.js HTTP/1.1" 404 1759
INFO 2020-11-04 19:34:04,877 basehttp 124 "GET /admin/reversion/revision/ HTTP/1.1" 200 29428
INFO 2020-11-04 19:34:04,903 basehttp 124 "GET /static/xadmin/vendor/bootstrap-datepicker/css/datepicker.css HTTP/1.1" 200 10225
INFO 2020-11-04 19:34:04,915 basehttp 124 "GET /static/xadmin/vendor/bootstrap-datepicker/js/bootstrap-datepicker.js HTTP/1.1" 200 32656
INFO 2020-11-04 19:34:04,919 basehttp 124 "GET /static/xadmin/js/xadmin.widget.datetime.js HTTP/1.1" 200 2979
WARNING 2020-11-04 19:34:04,928 basehttp 124 "GET /static/xadmin/vendor/select2/select2_locale_en-us.js HTTP/1.1" 404 1759
INFO 2020-11-04 19:34:04,931 basehttp 124 "GET /admin/jsi18n/ HTTP/1.1" 200 3185
WARNING 2020-11-04 19:34:04,964 basehttp 124 "GET /static/xadmin/vendor/select2/select2_locale_en-us.js HTTP/1.1" 404 1759
INFO 2020-11-04 20:41:15,935 basehttp 124 "GET /home/banner/ HTTP/1.1" 200 342
INFO 2020-11-04 20:50:11,756 basehttp 124 "GET /home/banner/ HTTP/1.1" 200 342
INFO 2020-11-04 20:50:11,809 basehttp 124 "GET /media/banner/04.png HTTP/1.1" 200 688041
INFO 2020-11-04 20:50:11,812 basehttp 124 "GET /media/banner/02_oQsqrDK.png HTTP/1.1" 200 364808
INFO 2020-11-04 20:50:11,813 basehttp 124 "GET /media/banner/01.png HTTP/1.1" 200 737783
INFO 2020-11-04 20:56:59,820 basehttp 124 "GET /admin/ HTTP/1.1" 200 13178
INFO 2020-11-04 20:56:59,866 basehttp 124 "GET /static/xadmin/vendor/bootstrap/css/bootstrap.css HTTP/1.1" 304 0
INFO 2020-11-04 20:56:59,868 basehttp 124 "GET /static/xadmin/vendor/font-awesome/css/font-awesome.css HTTP/1.1" 304 0
INFO 2020-11-04 20:56:59,870 basehttp 124 "GET /static/xadmin/css/themes/bootstrap-xadmin.css HTTP/1.1" 304 0
INFO 2020-11-04 20:56:59,873 basehttp 124 "GET /static/xadmin/css/xadmin.main.css HTTP/1.1" 304 0
INFO 2020-11-04 20:56:59,876 basehttp 124 "GET /static/xadmin/css/xadmin.plugins.css HTTP/1.1" 304 0
INFO 2020-11-04 20:56:59,876 basehttp 124 "GET /static/xadmin/css/xadmin.responsive.css HTTP/1.1" 304 0
INFO 2020-11-04 20:56:59,884 basehttp 124 "GET /static/xadmin/vendor/jquery/jquery.js HTTP/1.1" 304 0
INFO 2020-11-04 20:56:59,884 basehttp 124 "GET /static/xadmin/css/xadmin.page.dashboard.css HTTP/1.1" 304 0
INFO 2020-11-04 20:56:59,889 basehttp 124 "GET /static/xadmin/vendor/jquery-ui/jquery.ui.core.js HTTP/1.1" 304 0
INFO 2020-11-04 20:56:59,893 basehttp 124 "GET /static/xadmin/vendor/jquery-ui/jquery.ui.widget.js HTTP/1.1" 304 0
INFO 2020-11-04 20:56:59,899 basehttp 124 "GET /static/xadmin/vendor/jquery-ui/jquery.ui.sortable.js HTTP/1.1" 304 0
INFO 2020-11-04 20:56:59,901 basehttp 124 "GET /static/xadmin/vendor/jquery-ui/jquery.ui.mouse.js HTTP/1.1" 304 0
INFO 2020-11-04 20:56:59,901 basehttp 124 "GET /static/xadmin/js/xadmin.main.js HTTP/1.1" 304 0
INFO 2020-11-04 20:56:59,902 basehttp 124 "GET /static/xadmin/js/xadmin.responsive.js HTTP/1.1" 304 0
INFO 2020-11-04 20:56:59,907 basehttp 124 "GET /static/xadmin/js/xadmin.plugin.portal.js HTTP/1.1" 304 0
INFO 2020-11-04 20:56:59,908 basehttp 124 "GET /static/xadmin/js/xadmin.plugin.themes.js HTTP/1.1" 304 0
INFO 2020-11-04 20:56:59,913 basehttp 124 "GET /static/xadmin/js/xadmin.page.dashboard.js HTTP/1.1" 304 0
INFO 2020-11-04 20:56:59,921 basehttp 124 "GET /static/xadmin/vendor/jquery-ui/jquery.ui.effect.js HTTP/1.1" 304 0
INFO 2020-11-04 20:56:59,922 basehttp 124 "GET /static/xadmin/vendor/bootstrap/js/bootstrap.js HTTP/1.1" 304 0
INFO 2020-11-04 20:56:59,936 basehttp 124 "GET /admin/jsi18n/ HTTP/1.1" 200 7684
INFO 2020-11-04 20:57:00,159 basehttp 124 "GET /static/xadmin/vendor/font-awesome/fonts/fontawesome-webfont.woff?v=4.0.3 HTTP/1.1" 304 0
WARNING 2020-11-04 20:57:00,174 base 93 Not Found: /favicon.ico
WARNING 2020-11-04 20:57:00,175 basehttp 124 "GET /favicon.ico HTTP/1.1" 404 2203
INFO 2020-11-04 20:57:06,863 basehttp 124 "GET /admin/home/banner/ HTTP/1.1" 200 28028
INFO 2020-11-04 20:57:06,903 basehttp 124 "GET /admin/jsi18n/ HTTP/1.1" 200 7684
INFO 2020-11-04 20:57:06,907 basehttp 124 "GET /static/xadmin/css/xadmin.form.css HTTP/1.1" 304 0
INFO 2020-11-04 20:57:06,911 basehttp 124 "GET /static/xadmin/js/xadmin.plugin.details.js HTTP/1.1" 304 0
INFO 2020-11-04 20:57:06,911 basehttp 124 "GET /static/xadmin/js/xadmin.plugin.filters.js HTTP/1.1" 304 0
INFO 2020-11-04 20:57:06,914 basehttp 124 "GET /static/xadmin/js/xadmin.plugin.bookmark.js HTTP/1.1" 304 0
INFO 2020-11-04 20:57:06,917 basehttp 124 "GET /static/xadmin/js/xadmin.plugin.actions.js HTTP/1.1" 304 0
INFO 2020-11-04 20:57:06,918 basehttp 124 "GET /static/xadmin/js/xadmin.page.form.js HTTP/1.1" 304 0
INFO 2020-11-04 20:57:06,918 basehttp 124 "GET /static/xadmin/js/xadmin.page.list.js HTTP/1.1" 304 0
INFO 2020-11-04 20:57:08,877 basehttp 124 "GET /admin/home/nav/ HTTP/1.1" 200 28749
INFO 2020-11-04 20:57:08,910 basehttp 124 "GET /admin/jsi18n/ HTTP/1.1" 200 7684
INFO 2020-11-04 21:02:51,898 basehttp 124 "GET /admin/home/nav/add/ HTTP/1.1" 200 17565
INFO 2020-11-04 21:02:51,922 basehttp 124 "GET /static/xadmin/vendor/select2/select2.css HTTP/1.1" 304 0
INFO 2020-11-04 21:02:51,926 basehttp 124 "GET /static/xadmin/vendor/selectize/selectize.css HTTP/1.1" 304 0
INFO 2020-11-04 21:02:51,932 basehttp 124 "GET /static/xadmin/vendor/selectize/selectize.bootstrap3.css HTTP/1.1" 304 0
INFO 2020-11-04 21:02:51,945 basehttp 124 "GET /static/xadmin/vendor/select2/select2.js HTTP/1.1" 304 0
INFO 2020-11-04 21:02:51,945 basehttp 124 "GET /admin/jsi18n/ HTTP/1.1" 200 7684
INFO 2020-11-04 21:02:51,945 basehttp 124 "GET /static/xadmin/js/xadmin.widget.select.js HTTP/1.1" 304 0
INFO 2020-11-04 21:02:51,947 basehttp 124 "GET /static/xadmin/vendor/selectize/selectize.js HTTP/1.1" 304 0
INFO 2020-11-04 21:02:51,948 basehttp 124 "GET /static/xadmin/vendor/select2/select2_locale_zh-Hans.js HTTP/1.1" 200 694
INFO 2020-11-04 21:05:09,398 basehttp 124 "GET /admin/home/nav/ HTTP/1.1" 200 28749
INFO 2020-11-04 21:05:09,435 basehttp 124 "GET /admin/jsi18n/ HTTP/1.1" 200 7684
INFO 2020-11-04 21:05:11,558 basehttp 124 "GET /admin/home/nav/6/update/ HTTP/1.1" 200 17863
INFO 2020-11-04 21:05:11,594 basehttp 124 "GET /admin/jsi18n/ HTTP/1.1" 200 7684
INFO 2020-11-04 21:06:00,000 basehttp 124 "POST /admin/home/nav/6/update/ HTTP/1.1" 302 0
INFO 2020-11-04 21:06:00,099 basehttp 124 "GET /admin/home/nav/ HTTP/1.1" 200 28986
INFO 2020-11-04 21:06:00,140 basehttp 124 "GET /admin/jsi18n/ HTTP/1.1" 200 7684
INFO 2020-11-04 21:06:01,840 basehttp 124 "GET /admin/home/nav/7/update/ HTTP/1.1" 200 17887
INFO 2020-11-04 21:06:01,877 basehttp 124 "GET /admin/jsi18n/ HTTP/1.1" 200 7684
INFO 2020-11-04 21:06:33,773 basehttp 124 "POST /admin/home/nav/7/update/ HTTP/1.1" 302 0
INFO 2020-11-04 21:06:33,869 basehttp 124 "GET /admin/home/nav/ HTTP/1.1" 200 29006
INFO 2020-11-04 21:06:33,921 basehttp 124 "GET /admin/jsi18n/ HTTP/1.1" 200 7684
INFO 2020-11-04 21:06:35,531 basehttp 124 "GET /admin/home/nav/8/update/ HTTP/1.1" 200 17887
INFO 2020-11-04 21:06:35,570 basehttp 124 "GET /admin/jsi18n/ HTTP/1.1" 200 7684
INFO 2020-11-04 21:06:54,221 basehttp 124 "POST /admin/home/nav/8/update/ HTTP/1.1" 302 0
INFO 2020-11-04 21:06:54,317 basehttp 124 "GET /admin/home/nav/ HTTP/1.1" 200 28997
INFO 2020-11-04 21:06:54,364 basehttp 124 "GET /admin/jsi18n/ HTTP/1.1" 200 7684
INFO 2020-11-04 21:06:55,687 basehttp 124 "GET /admin/home/nav/9/update/ HTTP/1.1" 200 17887
INFO 2020-11-04 21:06:55,726 basehttp 124 "GET /admin/jsi18n/ HTTP/1.1" 200 7684
INFO 2020-11-04 21:07:10,181 basehttp 124 "POST /admin/home/nav/9/update/ HTTP/1.1" 302 0
INFO 2020-11-04 21:07:10,266 basehttp 124 "GET /admin/home/nav/ HTTP/1.1" 200 29015
INFO 2020-11-04 21:07:10,313 basehttp 124 "GET /admin/jsi18n/ HTTP/1.1" 200 7684
INFO 2020-11-04 21:07:20,124 basehttp 124 "GET /admin/home/nav/add/ HTTP/1.1" 200 17565
INFO 2020-11-04 21:07:20,165 basehttp 124 "GET /admin/jsi18n/ HTTP/1.1" 200 7684
INFO 2020-11-04 21:07:34,339 basehttp 124 "POST /admin/home/nav/add/ HTTP/1.1" 302 0
INFO 2020-11-04 21:07:34,464 basehttp 124 "GET /admin/home/nav/ HTTP/1.1" 200 29655
INFO 2020-11-04 21:07:34,504 basehttp 124 "GET /admin/jsi18n/ HTTP/1.1" 200 7684
INFO 2020-11-04 21:15:10,967 basehttp 124 "GET /home/footer/ HTTP/1.1" 200 2
ERROR 2020-11-04 21:15:23,074 exception 118 Internal Server Error: /home/header/
Traceback (most recent call last):
  File "E:\shixun\02 python web\Django-Virtual-Env\Test\lib\site-packages\rest_framework\views.py", line 494, in dispatch
    response = handler(request, *args, **kwargs)
  File "E:\shixun\02 python web\Django-Virtual-Env\Test\lib\site-packages\rest_framework\generics.py", line 199, in get
    return self.list(request, *args, **kwargs)
  File "E:\shixun\02 python web\Django-Virtual-Env\Test\lib\site-packages\rest_framework\mixins.py", line 46, in list
    return Response(serializer.data)
  File "E:\shixun\02 python web\Django-Virtual-Env\Test\lib\site-packages\rest_framework\serializers.py", line 757, in data
    ret = super().data
  File "E:\shixun\02 python web\Django-Virtual-Env\Test\lib\site-packages\rest_framework\serializers.py", line 261, in data
    self._data = self.to_representation(self.instance)
  File "E:\shixun\02 python web\Django-Virtual-Env\Test\lib\site-packages\rest_framework\serializers.py", line 675, in to_representation
    self.child.to_representation(item) for item in iterable
  File "E:\shixun\02 python web\Django-Virtual-Env\Test\lib\site-packages\rest_framework\serializers.py", line 675, in <listcomp>
    self.child.to_representation(item) for item in iterable
  File "E:\shixun\02 python web\Django-Virtual-Env\Test\lib\site-packages\rest_framework\serializers.py", line 511, in to_representation
    for field in fields:
  File "E:\shixun\02 python web\Django-Virtual-Env\Test\lib\site-packages\rest_framework\serializers.py", line 372, in _readable_fields
    for field in self.fields.values():
  File "E:\shixun\02 python web\Django-Virtual-Env\Test\lib\site-packages\django\utils\functional.py", line 36, in __get__
    res = instance.__dict__[self.name] = self.func(instance)
  File "E:\shixun\02 python web\Django-Virtual-Env\Test\lib\site-packages\rest_framework\serializers.py", line 360, in fields
    for key, value in self.get_fields().items():
  File "E:\shixun\02 python web\Django-Virtual-Env\Test\lib\site-packages\rest_framework\serializers.py", line 1022, in get_fields
    field_names = self.get_field_names(declared_fields, info)
  File "E:\shixun\02 python web\Django-Virtual-Env\Test\lib\site-packages\rest_framework\serializers.py", line 1099, in get_field_names
    serializer_class=self.__class__.__name__
AssertionError: ("Creating a ModelSerializer without either the 'fields' attribute or the 'exclude' attribute has been deprecated since 3.3.0, and is now disallowed. Add an explicit fields = '__all__' to the HeaderFooterModelSerializer serializer.",)

During handling of the above exception, another exception occurred:

Traceback (most recent call last):
  File "E:\shixun\02 python web\Django-Virtual-Env\Test\lib\site-packages\rest_framework\settings.py", line 177, in import_from_string
    return import_string(val)
  File "E:\shixun\02 python web\Django-Virtual-Env\Test\lib\site-packages\django\utils\module_loading.py", line 17, in import_string
    module = import_module(module_path)
  File "c:\python36\lib\importlib\__init__.py", line 126, in import_module
    return _bootstrap._gcd_import(name[level:], package, level)
  File "<frozen importlib._bootstrap>", line 994, in _gcd_import
  File "<frozen importlib._bootstrap>", line 971, in _find_and_load
  File "<frozen importlib._bootstrap>", line 953, in _find_and_load_unlocked
ModuleNotFoundError: No module named 'edu_api.utils.exceptions'

During handling of the above exception, another exception occurred:

Traceback (most recent call last):
  File "E:\shixun\02 python web\Django-Virtual-Env\Test\lib\site-packages\django\core\handlers\exception.py", line 35, in inner
    response = get_response(request)
  File "E:\shixun\02 python web\Django-Virtual-Env\Test\lib\site-packages\django\core\handlers\base.py", line 128, in _get_response
    response = self.process_exception_by_middleware(e, request)
  File "E:\shixun\02 python web\Django-Virtual-Env\Test\lib\site-packages\django\core\handlers\base.py", line 126, in _get_response
    response = wrapped_callback(request, *callback_args, **callback_kwargs)
  File "E:\shixun\02 python web\Django-Virtual-Env\Test\lib\site-packages\django\views\decorators\csrf.py", line 54, in wrapped_view
    return view_func(*args, **kwargs)
  File "E:\shixun\02 python web\Django-Virtual-Env\Test\lib\site-packages\django\views\generic\base.py", line 69, in view
    return self.dispatch(request, *args, **kwargs)
  File "E:\shixun\02 python web\Django-Virtual-Env\Test\lib\site-packages\rest_framework\views.py", line 497, in dispatch
    response = self.handle_exception(exc)
  File "E:\shixun\02 python web\Django-Virtual-Env\Test\lib\site-packages\rest_framework\views.py", line 451, in handle_exception
    exception_handler = self.get_exception_handler()
  File "E:\shixun\02 python web\Django-Virtual-Env\Test\lib\site-packages\rest_framework\views.py", line 298, in get_exception_handler
    return self.settings.EXCEPTION_HANDLER
  File "E:\shixun\02 python web\Django-Virtual-Env\Test\lib\site-packages\rest_framework\settings.py", line 220, in __getattr__
    val = perform_import(val, attr)
  File "E:\shixun\02 python web\Django-Virtual-Env\Test\lib\site-packages\rest_framework\settings.py", line 166, in perform_import
    return import_from_string(val, setting_name)
  File "E:\shixun\02 python web\Django-Virtual-Env\Test\lib\site-packages\rest_framework\settings.py", line 180, in import_from_string
    raise ImportError(msg)
ImportError: Could not import 'edu_api.utils.exceptions.exception_handler' for API setting 'EXCEPTION_HANDLER'. ModuleNotFoundError: No module named 'edu_api.utils.exceptions'.
ERROR 2020-11-04 21:15:23,264 basehttp 124 "GET /home/header/ HTTP/1.1" 500 179668
ERROR 2020-11-04 21:18:29,789 exception 118 Internal Server Error: /home/header/
Traceback (most recent call last):
  File "E:\shixun\02 python web\Django-Virtual-Env\Test\lib\site-packages\rest_framework\views.py", line 494, in dispatch
    response = handler(request, *args, **kwargs)
  File "E:\shixun\02 python web\Django-Virtual-Env\Test\lib\site-packages\rest_framework\generics.py", line 199, in get
    return self.list(request, *args, **kwargs)
  File "E:\shixun\02 python web\Django-Virtual-Env\Test\lib\site-packages\rest_framework\mixins.py", line 46, in list
    return Response(serializer.data)
  File "E:\shixun\02 python web\Django-Virtual-Env\Test\lib\site-packages\rest_framework\serializers.py", line 757, in data
    ret = super().data
  File "E:\shixun\02 python web\Django-Virtual-Env\Test\lib\site-packages\rest_framework\serializers.py", line 261, in data
    self._data = self.to_representation(self.instance)
  File "E:\shixun\02 python web\Django-Virtual-Env\Test\lib\site-packages\rest_framework\serializers.py", line 675, in to_representation
    self.child.to_representation(item) for item in iterable
  File "E:\shixun\02 python web\Django-Virtual-Env\Test\lib\site-packages\rest_framework\serializers.py", line 675, in <listcomp>
    self.child.to_representation(item) for item in iterable
  File "E:\shixun\02 python web\Django-Virtual-Env\Test\lib\site-packages\rest_framework\serializers.py", line 511, in to_representation
    for field in fields:
  File "E:\shixun\02 python web\Django-Virtual-Env\Test\lib\site-packages\rest_framework\serializers.py", line 372, in _readable_fields
    for field in self.fields.values():
  File "E:\shixun\02 python web\Django-Virtual-Env\Test\lib\site-packages\django\utils\functional.py", line 36, in __get__
    res = instance.__dict__[self.name] = self.func(instance)
  File "E:\shixun\02 python web\Django-Virtual-Env\Test\lib\site-packages\rest_framework\serializers.py", line 360, in fields
    for key, value in self.get_fields().items():
  File "E:\shixun\02 python web\Django-Virtual-Env\Test\lib\site-packages\rest_framework\serializers.py", line 1022, in get_fields
    field_names = self.get_field_names(declared_fields, info)
  File "E:\shixun\02 python web\Django-Virtual-Env\Test\lib\site-packages\rest_framework\serializers.py", line 1099, in get_field_names
    serializer_class=self.__class__.__name__
AssertionError: ("Creating a ModelSerializer without either the 'fields' attribute or the 'exclude' attribute has been deprecated since 3.3.0, and is now disallowed. Add an explicit fields = '__all__' to the HeaderFooterModelSerializer serializer.",)

During handling of the above exception, another exception occurred:

Traceback (most recent call last):
  File "E:\shixun\02 python web\Django-Virtual-Env\Test\lib\site-packages\rest_framework\settings.py", line 177, in import_from_string
    return import_string(val)
  File "E:\shixun\02 python web\Django-Virtual-Env\Test\lib\site-packages\django\utils\module_loading.py", line 17, in import_string
    module = import_module(module_path)
  File "c:\python36\lib\importlib\__init__.py", line 126, in import_module
    return _bootstrap._gcd_import(name[level:], package, level)
  File "<frozen importlib._bootstrap>", line 994, in _gcd_import
  File "<frozen importlib._bootstrap>", line 971, in _find_and_load
  File "<frozen importlib._bootstrap>", line 953, in _find_and_load_unlocked
ModuleNotFoundError: No module named 'edu_api.utils.exceptions'

During handling of the above exception, another exception occurred:

Traceback (most recent call last):
  File "E:\shixun\02 python web\Django-Virtual-Env\Test\lib\site-packages\django\core\handlers\exception.py", line 35, in inner
    response = get_response(request)
  File "E:\shixun\02 python web\Django-Virtual-Env\Test\lib\site-packages\django\core\handlers\base.py", line 128, in _get_response
    response = self.process_exception_by_middleware(e, request)
  File "E:\shixun\02 python web\Django-Virtual-Env\Test\lib\site-packages\django\core\handlers\base.py", line 126, in _get_response
    response = wrapped_callback(request, *callback_args, **callback_kwargs)
  File "E:\shixun\02 python web\Django-Virtual-Env\Test\lib\site-packages\django\views\decorators\csrf.py", line 54, in wrapped_view
    return view_func(*args, **kwargs)
  File "E:\shixun\02 python web\Django-Virtual-Env\Test\lib\site-packages\django\views\generic\base.py", line 69, in view
    return self.dispatch(request, *args, **kwargs)
  File "E:\shixun\02 python web\Django-Virtual-Env\Test\lib\site-packages\rest_framework\views.py", line 497, in dispatch
    response = self.handle_exception(exc)
  File "E:\shixun\02 python web\Django-Virtual-Env\Test\lib\site-packages\rest_framework\views.py", line 451, in handle_exception
    exception_handler = self.get_exception_handler()
  File "E:\shixun\02 python web\Django-Virtual-Env\Test\lib\site-packages\rest_framework\views.py", line 298, in get_exception_handler
    return self.settings.EXCEPTION_HANDLER
  File "E:\shixun\02 python web\Django-Virtual-Env\Test\lib\site-packages\rest_framework\settings.py", line 220, in __getattr__
    val = perform_import(val, attr)
  File "E:\shixun\02 python web\Django-Virtual-Env\Test\lib\site-packages\rest_framework\settings.py", line 166, in perform_import
    return import_from_string(val, setting_name)
  File "E:\shixun\02 python web\Django-Virtual-Env\Test\lib\site-packages\rest_framework\settings.py", line 180, in import_from_string
    raise ImportError(msg)
ImportError: Could not import 'edu_api.utils.exceptions.exception_handler' for API setting 'EXCEPTION_HANDLER'. ModuleNotFoundError: No module named 'edu_api.utils.exceptions'.
ERROR 2020-11-04 21:18:29,853 basehttp 124 "GET /home/header/ HTTP/1.1" 500 179668
ERROR 2020-11-04 21:19:17,561 exception 118 Internal Server Error: /home/header/
Traceback (most recent call last):
  File "E:\shixun\02 python web\Django-Virtual-Env\Test\lib\site-packages\django\core\handlers\exception.py", line 35, in inner
    response = get_response(request)
  File "E:\shixun\02 python web\Django-Virtual-Env\Test\lib\site-packages\django\core\handlers\base.py", line 128, in _get_response
    response = self.process_exception_by_middleware(e, request)
  File "E:\shixun\02 python web\Django-Virtual-Env\Test\lib\site-packages\django\core\handlers\base.py", line 126, in _get_response
    response = wrapped_callback(request, *callback_args, **callback_kwargs)
  File "E:\shixun\02 python web\Django-Virtual-Env\Test\lib\site-packages\django\views\decorators\csrf.py", line 54, in wrapped_view
    return view_func(*args, **kwargs)
  File "E:\shixun\02 python web\Django-Virtual-Env\Test\lib\site-packages\django\views\generic\base.py", line 69, in view
    return self.dispatch(request, *args, **kwargs)
  File "E:\shixun\02 python web\Django-Virtual-Env\Test\lib\site-packages\rest_framework\views.py", line 497, in dispatch
    response = self.handle_exception(exc)
  File "E:\shixun\02 python web\Django-Virtual-Env\Test\lib\site-packages\rest_framework\views.py", line 457, in handle_exception
    self.raise_uncaught_exception(exc)
  File "E:\shixun\02 python web\Django-Virtual-Env\Test\lib\site-packages\rest_framework\views.py", line 468, in raise_uncaught_exception
    raise exc
  File "E:\shixun\02 python web\Django-Virtual-Env\Test\lib\site-packages\rest_framework\views.py", line 494, in dispatch
    response = handler(request, *args, **kwargs)
  File "E:\shixun\02 python web\Django-Virtual-Env\Test\lib\site-packages\rest_framework\generics.py", line 199, in get
    return self.list(request, *args, **kwargs)
  File "E:\shixun\02 python web\Django-Virtual-Env\Test\lib\site-packages\rest_framework\mixins.py", line 46, in list
    return Response(serializer.data)
  File "E:\shixun\02 python web\Django-Virtual-Env\Test\lib\site-packages\rest_framework\serializers.py", line 757, in data
    ret = super().data
  File "E:\shixun\02 python web\Django-Virtual-Env\Test\lib\site-packages\rest_framework\serializers.py", line 261, in data
    self._data = self.to_representation(self.instance)
  File "E:\shixun\02 python web\Django-Virtual-Env\Test\lib\site-packages\rest_framework\serializers.py", line 675, in to_representation
    self.child.to_representation(item) for item in iterable
  File "E:\shixun\02 python web\Django-Virtual-Env\Test\lib\site-packages\rest_framework\serializers.py", line 675, in <listcomp>
    self.child.to_representation(item) for item in iterable
  File "E:\shixun\02 python web\Django-Virtual-Env\Test\lib\site-packages\rest_framework\serializers.py", line 511, in to_representation
    for field in fields:
  File "E:\shixun\02 python web\Django-Virtual-Env\Test\lib\site-packages\rest_framework\serializers.py", line 372, in _readable_fields
    for field in self.fields.values():
  File "E:\shixun\02 python web\Django-Virtual-Env\Test\lib\site-packages\django\utils\functional.py", line 36, in __get__
    res = instance.__dict__[self.name] = self.func(instance)
  File "E:\shixun\02 python web\Django-Virtual-Env\Test\lib\site-packages\rest_framework\serializers.py", line 360, in fields
    for key, value in self.get_fields().items():
  File "E:\shixun\02 python web\Django-Virtual-Env\Test\lib\site-packages\rest_framework\serializers.py", line 1022, in get_fields
    field_names = self.get_field_names(declared_fields, info)
  File "E:\shixun\02 python web\Django-Virtual-Env\Test\lib\site-packages\rest_framework\serializers.py", line 1099, in get_field_names
    serializer_class=self.__class__.__name__
AssertionError: ("Creating a ModelSerializer without either the 'fields' attribute or the 'exclude' attribute has been deprecated since 3.3.0, and is now disallowed. Add an explicit fields = '__all__' to the HeaderFooterModelSerializer serializer.",)
ERROR 2020-11-04 21:19:17,598 basehttp 124 "GET /home/header/ HTTP/1.1" 500 22183
INFO 2020-11-04 21:22:40,417 basehttp 124 "GET /home/footer/ HTTP/1.1" 200 2
ERROR 2020-11-04 21:22:45,430 exception 118 Internal Server Error: /home/header/
Traceback (most recent call last):
  File "E:\shixun\02 python web\Django-Virtual-Env\Test\lib\site-packages\django\core\handlers\exception.py", line 35, in inner
    response = get_response(request)
  File "E:\shixun\02 python web\Django-Virtual-Env\Test\lib\site-packages\django\core\handlers\base.py", line 128, in _get_response
    response = self.process_exception_by_middleware(e, request)
  File "E:\shixun\02 python web\Django-Virtual-Env\Test\lib\site-packages\django\core\handlers\base.py", line 126, in _get_response
    response = wrapped_callback(request, *callback_args, **callback_kwargs)
  File "E:\shixun\02 python web\Django-Virtual-Env\Test\lib\site-packages\django\views\decorators\csrf.py", line 54, in wrapped_view
    return view_func(*args, **kwargs)
  File "E:\shixun\02 python web\Django-Virtual-Env\Test\lib\site-packages\django\views\generic\base.py", line 69, in view
    return self.dispatch(request, *args, **kwargs)
  File "E:\shixun\02 python web\Django-Virtual-Env\Test\lib\site-packages\rest_framework\views.py", line 497, in dispatch
    response = self.handle_exception(exc)
  File "E:\shixun\02 python web\Django-Virtual-Env\Test\lib\site-packages\rest_framework\views.py", line 457, in handle_exception
    self.raise_uncaught_exception(exc)
  File "E:\shixun\02 python web\Django-Virtual-Env\Test\lib\site-packages\rest_framework\views.py", line 468, in raise_uncaught_exception
    raise exc
  File "E:\shixun\02 python web\Django-Virtual-Env\Test\lib\site-packages\rest_framework\views.py", line 494, in dispatch
    response = handler(request, *args, **kwargs)
  File "E:\shixun\02 python web\Django-Virtual-Env\Test\lib\site-packages\rest_framework\generics.py", line 199, in get
    return self.list(request, *args, **kwargs)
  File "E:\shixun\02 python web\Django-Virtual-Env\Test\lib\site-packages\rest_framework\mixins.py", line 46, in list
    return Response(serializer.data)
  File "E:\shixun\02 python web\Django-Virtual-Env\Test\lib\site-packages\rest_framework\serializers.py", line 757, in data
    ret = super().data
  File "E:\shixun\02 python web\Django-Virtual-Env\Test\lib\site-packages\rest_framework\serializers.py", line 261, in data
    self._data = self.to_representation(self.instance)
  File "E:\shixun\02 python web\Django-Virtual-Env\Test\lib\site-packages\rest_framework\serializers.py", line 675, in to_representation
    self.child.to_representation(item) for item in iterable
  File "E:\shixun\02 python web\Django-Virtual-Env\Test\lib\site-packages\rest_framework\serializers.py", line 675, in <listcomp>
    self.child.to_representation(item) for item in iterable
  File "E:\shixun\02 python web\Django-Virtual-Env\Test\lib\site-packages\rest_framework\serializers.py", line 511, in to_representation
    for field in fields:
  File "E:\shixun\02 python web\Django-Virtual-Env\Test\lib\site-packages\rest_framework\serializers.py", line 372, in _readable_fields
    for field in self.fields.values():
  File "E:\shixun\02 python web\Django-Virtual-Env\Test\lib\site-packages\django\utils\functional.py", line 36, in __get__
    res = instance.__dict__[self.name] = self.func(instance)
  File "E:\shixun\02 python web\Django-Virtual-Env\Test\lib\site-packages\rest_framework\serializers.py", line 360, in fields
    for key, value in self.get_fields().items():
  File "E:\shixun\02 python web\Django-Virtual-Env\Test\lib\site-packages\rest_framework\serializers.py", line 1022, in get_fields
    field_names = self.get_field_names(declared_fields, info)
  File "E:\shixun\02 python web\Django-Virtual-Env\Test\lib\site-packages\rest_framework\serializers.py", line 1099, in get_field_names
    serializer_class=self.__class__.__name__
AssertionError: ("Creating a ModelSerializer without either the 'fields' attribute or the 'exclude' attribute has been deprecated since 3.3.0, and is now disallowed. Add an explicit fields = '__all__' to the HeaderFooterModelSerializer serializer.",)
ERROR 2020-11-04 21:22:45,450 basehttp 124 "GET /home/header/ HTTP/1.1" 500 22184
INFO 2020-11-04 21:24:14,775 basehttp 124 "GET /home/header/ HTTP/1.1" 200 217
INFO 2020-11-04 21:36:39,562 basehttp 124 "GET /admin/ HTTP/1.1" 200 14762
INFO 2020-11-04 21:36:39,605 basehttp 124 "GET /static/xadmin/css/themes/bootstrap-xadmin.css HTTP/1.1" 304 0
INFO 2020-11-04 21:36:39,606 basehttp 124 "GET /static/xadmin/vendor/bootstrap/css/bootstrap.css HTTP/1.1" 304 0
INFO 2020-11-04 21:36:39,606 basehttp 124 "GET /static/xadmin/vendor/font-awesome/css/font-awesome.css HTTP/1.1" 304 0
INFO 2020-11-04 21:36:39,614 basehttp 124 "GET /static/xadmin/css/xadmin.main.css HTTP/1.1" 304 0
INFO 2020-11-04 21:36:39,616 basehttp 124 "GET /static/xadmin/css/xadmin.plugins.css HTTP/1.1" 304 0
INFO 2020-11-04 21:36:39,618 basehttp 124 "GET /static/xadmin/css/xadmin.responsive.css HTTP/1.1" 304 0
INFO 2020-11-04 21:36:39,634 basehttp 124 "GET /static/xadmin/css/xadmin.page.dashboard.css HTTP/1.1" 304 0
INFO 2020-11-04 21:36:39,635 basehttp 124 "GET /static/xadmin/vendor/jquery/jquery.js HTTP/1.1" 304 0
INFO 2020-11-04 21:36:39,642 basehttp 124 "GET /admin/jsi18n/ HTTP/1.1" 200 7684
INFO 2020-11-04 21:36:39,646 basehttp 124 "GET /static/xadmin/vendor/jquery-ui/jquery.ui.core.js HTTP/1.1" 304 0
INFO 2020-11-04 21:36:39,650 basehttp 124 "GET /static/xadmin/vendor/jquery-ui/jquery.ui.widget.js HTTP/1.1" 304 0
INFO 2020-11-04 21:36:39,653 basehttp 124 "GET /static/xadmin/vendor/jquery-ui/jquery.ui.mouse.js HTTP/1.1" 304 0
INFO 2020-11-04 21:36:39,662 basehttp 124 "GET /static/xadmin/vendor/jquery-ui/jquery.ui.sortable.js HTTP/1.1" 304 0
INFO 2020-11-04 21:36:39,696 basehttp 124 "GET /static/xadmin/vendor/bootstrap/js/bootstrap.js HTTP/1.1" 304 0
INFO 2020-11-04 21:36:39,702 basehttp 124 "GET /static/xadmin/js/xadmin.main.js HTTP/1.1" 304 0
INFO 2020-11-04 21:36:39,707 basehttp 124 "GET /static/xadmin/js/xadmin.page.dashboard.js HTTP/1.1" 304 0
INFO 2020-11-04 21:36:39,709 basehttp 124 "GET /static/xadmin/js/xadmin.plugin.themes.js HTTP/1.1" 304 0
INFO 2020-11-04 21:36:39,715 basehttp 124 "GET /static/xadmin/js/xadmin.plugin.portal.js HTTP/1.1" 304 0
INFO 2020-11-04 21:36:39,719 basehttp 124 "GET /static/xadmin/js/xadmin.responsive.js HTTP/1.1" 304 0
INFO 2020-11-04 21:36:39,719 basehttp 124 "GET /static/xadmin/vendor/jquery-ui/jquery.ui.effect.js HTTP/1.1" 304 0
INFO 2020-11-04 21:36:39,952 basehttp 124 "GET /static/xadmin/vendor/font-awesome/fonts/fontawesome-webfont.woff?v=4.0.3 HTTP/1.1" 304 0
WARNING 2020-11-04 21:36:40,024 base 93 Not Found: /favicon.ico
WARNING 2020-11-04 21:36:40,025 basehttp 124 "GET /favicon.ico HTTP/1.1" 404 2203
INFO 2020-11-04 21:36:45,944 basehttp 124 "GET /admin/home/nav/ HTTP/1.1" 200 30944
INFO 2020-11-04 21:36:45,987 basehttp 124 "GET /admin/jsi18n/ HTTP/1.1" 200 7684
INFO 2020-11-04 21:36:45,990 basehttp 124 "GET /static/xadmin/js/xadmin.plugin.actions.js HTTP/1.1" 304 0
INFO 2020-11-04 21:36:45,991 basehttp 124 "GET /static/xadmin/css/xadmin.form.css HTTP/1.1" 304 0
INFO 2020-11-04 21:36:45,992 basehttp 124 "GET /static/xadmin/js/xadmin.plugin.bookmark.js HTTP/1.1" 304 0
INFO 2020-11-04 21:36:45,997 basehttp 124 "GET /static/xadmin/js/xadmin.plugin.details.js HTTP/1.1" 304 0
INFO 2020-11-04 21:36:46,002 basehttp 124 "GET /static/xadmin/js/xadmin.plugin.filters.js HTTP/1.1" 304 0
INFO 2020-11-04 21:36:46,003 basehttp 124 "GET /static/xadmin/js/xadmin.page.list.js HTTP/1.1" 304 0
INFO 2020-11-04 21:36:46,006 basehttp 124 "GET /static/xadmin/js/xadmin.page.form.js HTTP/1.1" 304 0
INFO 2020-11-04 21:36:48,315 basehttp 124 "GET /admin/home/nav/add/ HTTP/1.1" 200 19149
INFO 2020-11-04 21:36:48,351 basehttp 124 "GET /admin/jsi18n/ HTTP/1.1" 200 7684
INFO 2020-11-04 21:36:48,351 basehttp 124 "GET /static/xadmin/vendor/select2/select2.css HTTP/1.1" 304 0
INFO 2020-11-04 21:36:48,354 basehttp 124 "GET /static/xadmin/vendor/selectize/selectize.css HTTP/1.1" 304 0
INFO 2020-11-04 21:36:48,362 basehttp 124 "GET /static/xadmin/vendor/select2/select2.js HTTP/1.1" 304 0
INFO 2020-11-04 21:36:48,364 basehttp 124 "GET /static/xadmin/vendor/selectize/selectize.js HTTP/1.1" 304 0
INFO 2020-11-04 21:36:48,364 basehttp 124 "GET /static/xadmin/vendor/select2/select2_locale_zh-Hans.js HTTP/1.1" 304 0
INFO 2020-11-04 21:36:48,366 basehttp 124 "GET /static/xadmin/vendor/selectize/selectize.bootstrap3.css HTTP/1.1" 304 0
INFO 2020-11-04 21:36:48,371 basehttp 124 "GET /static/xadmin/js/xadmin.widget.select.js HTTP/1.1" 304 0
INFO 2020-11-04 21:38:04,254 basehttp 124 "POST /admin/home/nav/add/ HTTP/1.1" 302 0
INFO 2020-11-04 21:38:04,340 basehttp 124 "GET /admin/home/nav/add/ HTTP/1.1" 200 19492
INFO 2020-11-04 21:38:04,377 basehttp 124 "GET /admin/jsi18n/ HTTP/1.1" 200 7684
INFO 2020-11-04 21:38:22,602 basehttp 124 "POST /admin/home/nav/add/ HTTP/1.1" 302 0
INFO 2020-11-04 21:38:22,691 basehttp 124 "GET /admin/home/nav/add/ HTTP/1.1" 200 19492
INFO 2020-11-04 21:38:22,725 basehttp 124 "GET /admin/jsi18n/ HTTP/1.1" 200 7684
INFO 2020-11-04 21:38:59,857 basehttp 124 "POST /admin/home/nav/add/ HTTP/1.1" 302 0
INFO 2020-11-04 21:38:59,952 basehttp 124 "GET /admin/home/nav/ HTTP/1.1" 200 33004
INFO 2020-11-04 21:38:59,992 basehttp 124 "GET /admin/jsi18n/ HTTP/1.1" 200 7684
INFO 2020-11-04 21:39:01,810 basehttp 124 "GET /admin/home/nav/13/update/ HTTP/1.1" 200 19458
INFO 2020-11-04 21:39:01,847 basehttp 124 "GET /admin/jsi18n/ HTTP/1.1" 200 7684
INFO 2020-11-04 21:39:06,740 basehttp 124 "POST /admin/home/nav/13/update/ HTTP/1.1" 302 0
INFO 2020-11-04 21:39:06,841 basehttp 124 "GET /admin/home/nav/ HTTP/1.1" 200 32944
INFO 2020-11-04 21:39:06,878 basehttp 124 "GET /admin/jsi18n/ HTTP/1.1" 200 7684
INFO 2020-11-04 21:39:09,442 basehttp 124 "GET /admin/home/nav/add/ HTTP/1.1" 200 19149
INFO 2020-11-04 21:39:09,482 basehttp 124 "GET /admin/jsi18n/ HTTP/1.1" 200 7684
INFO 2020-11-04 21:39:31,338 basehttp 124 "POST /admin/home/nav/add/ HTTP/1.1" 302 0
INFO 2020-11-04 21:39:31,434 basehttp 124 "GET /admin/home/nav/add/ HTTP/1.1" 200 19492
INFO 2020-11-04 21:39:31,480 basehttp 124 "GET /admin/jsi18n/ HTTP/1.1" 200 7684
INFO 2020-11-04 21:39:44,392 basehttp 124 "POST /admin/home/nav/add/ HTTP/1.1" 302 0
INFO 2020-11-04 21:39:44,493 basehttp 124 "GET /admin/home/nav/ HTTP/1.1" 200 34185
INFO 2020-11-04 21:39:44,534 basehttp 124 "GET /admin/jsi18n/ HTTP/1.1" 200 7684
INFO 2020-11-04 21:47:08,247 basehttp 124 "GET /home/banner/ HTTP/1.1" 200 342
INFO 2020-11-04 21:47:08,269 basehttp 124 "GET /media/banner/04.png HTTP/1.1" 304 0
INFO 2020-11-04 21:47:08,280 basehttp 124 "GET /media/banner/02_oQsqrDK.png HTTP/1.1" 304 0
INFO 2020-11-04 21:47:08,305 basehttp 124 "GET /media/banner/01.png HTTP/1.1" 304 0
INFO 2020-11-04 21:47:45,144 basehttp 124 "GET /home/header/ HTTP/1.1" 200 217
INFO 2020-11-04 21:47:45,144 basehttp 124 "GET /home/footer/ HTTP/1.1" 200 44
INFO 2020-11-04 21:47:45,148 basehttp 124 "GET /home/banner/ HTTP/1.1" 200 342
INFO 2020-11-04 21:47:50,366 basehttp 124 "GET /home/header/ HTTP/1.1" 200 217
INFO 2020-11-04 21:47:50,380 basehttp 124 "GET /home/banner/ HTTP/1.1" 200 342
INFO 2020-11-04 21:47:50,394 basehttp 124 "GET /home/footer/ HTTP/1.1" 200 44
INFO 2020-11-04 21:49:18,013 basehttp 124 "GET /home/header/ HTTP/1.1" 200 217
INFO 2020-11-04 21:49:18,033 basehttp 124 "GET /home/banner/ HTTP/1.1" 200 342
INFO 2020-11-04 21:49:18,036 basehttp 124 "GET /home/footer/ HTTP/1.1" 200 44
INFO 2020-11-04 21:49:36,727 basehttp 124 "GET /home/footer/ HTTP/1.1" 200 44
INFO 2020-11-04 21:49:48,763 basehttp 124 "GET /admin/home/nav/15/update/ HTTP/1.1" 200 19454
INFO 2020-11-04 21:49:48,802 basehttp 124 "GET /admin/jsi18n/ HTTP/1.1" 200 7684
INFO 2020-11-04 21:49:54,183 basehttp 124 "GET /admin/home/nav/ HTTP/1.1" 200 33890
INFO 2020-11-04 21:49:55,579 basehttp 124 "GET /admin/home/nav/11/update/ HTTP/1.1" 200 19464
INFO 2020-11-04 21:49:55,613 basehttp 124 "GET /admin/jsi18n/ HTTP/1.1" 200 7684
INFO 2020-11-04 21:49:59,269 basehttp 124 "GET /admin/home/nav/ HTTP/1.1" 200 33890
INFO 2020-11-04 21:50:00,348 basehttp 124 "GET /admin/home/nav/15/update/ HTTP/1.1" 200 19454
INFO 2020-11-04 21:50:00,382 basehttp 124 "GET /admin/jsi18n/ HTTP/1.1" 200 7684
INFO 2020-11-04 21:50:02,654 basehttp 124 "POST /admin/home/nav/15/update/ HTTP/1.1" 302 0
INFO 2020-11-04 21:50:02,752 basehttp 124 "GET /admin/home/nav/ HTTP/1.1" 200 34126
INFO 2020-11-04 21:50:02,784 basehttp 124 "GET /admin/jsi18n/ HTTP/1.1" 200 7684
INFO 2020-11-04 21:50:04,323 basehttp 124 "GET /admin/home/nav/15/update/ HTTP/1.1" 200 19462
INFO 2020-11-04 21:50:04,359 basehttp 124 "GET /admin/jsi18n/ HTTP/1.1" 200 7684
INFO 2020-11-04 21:50:07,319 basehttp 124 "GET /admin/home/nav/ HTTP/1.1" 200 33891
INFO 2020-11-04 21:50:08,561 basehttp 124 "GET /admin/home/nav/14/update/ HTTP/1.1" 200 19452
INFO 2020-11-04 21:50:08,597 basehttp 124 "GET /admin/jsi18n/ HTTP/1.1" 200 7684
INFO 2020-11-04 21:50:10,755 basehttp 124 "POST /admin/home/nav/14/update/ HTTP/1.1" 302 0
INFO 2020-11-04 21:50:10,859 basehttp 124 "GET /admin/home/nav/ HTTP/1.1" 200 34127
INFO 2020-11-04 21:50:10,894 basehttp 124 "GET /admin/jsi18n/ HTTP/1.1" 200 7684
INFO 2020-11-04 21:50:12,827 basehttp 124 "GET /admin/home/nav/13/update/ HTTP/1.1" 200 19458
INFO 2020-11-04 21:50:12,859 basehttp 124 "GET /admin/jsi18n/ HTTP/1.1" 200 7684
INFO 2020-11-04 21:50:15,672 basehttp 124 "POST /admin/home/nav/13/update/ HTTP/1.1" 302 0
INFO 2020-11-04 21:50:15,772 basehttp 124 "GET /admin/home/nav/ HTTP/1.1" 200 34128
INFO 2020-11-04 21:50:15,803 basehttp 124 "GET /admin/jsi18n/ HTTP/1.1" 200 7684
INFO 2020-11-04 21:50:17,399 basehttp 124 "GET /admin/home/nav/12/update/ HTTP/1.1" 200 19455
INFO 2020-11-04 21:50:17,433 basehttp 124 "GET /admin/jsi18n/ HTTP/1.1" 200 7684
INFO 2020-11-04 21:50:19,265 basehttp 124 "POST /admin/home/nav/12/update/ HTTP/1.1" 302 0
INFO 2020-11-04 21:50:19,361 basehttp 124 "GET /admin/home/nav/ HTTP/1.1" 200 34129
INFO 2020-11-04 21:50:19,401 basehttp 124 "GET /admin/jsi18n/ HTTP/1.1" 200 7684
INFO 2020-11-04 21:50:21,410 basehttp 124 "GET /admin/home/nav/15/update/ HTTP/1.1" 200 19462
INFO 2020-11-04 21:50:21,447 basehttp 124 "GET /admin/jsi18n/ HTTP/1.1" 200 7684
INFO 2020-11-04 21:50:22,966 basehttp 124 "GET /admin/home/nav/ HTTP/1.1" 200 33894
INFO 2020-11-04 21:50:24,105 basehttp 124 "GET /admin/home/nav/10/update/ HTTP/1.1" 200 19454
INFO 2020-11-04 21:50:24,133 basehttp 124 "GET /admin/jsi18n/ HTTP/1.1" 200 7684
INFO 2020-11-04 21:50:27,623 basehttp 124 "GET /home/header/ HTTP/1.1" 200 217
INFO 2020-11-04 21:50:27,639 basehttp 124 "GET /home/banner/ HTTP/1.1" 200 342
INFO 2020-11-04 21:50:27,641 basehttp 124 "GET /home/footer/ HTTP/1.1" 200 211
INFO 2020-11-04 21:50:33,152 basehttp 124 "GET /home/header/ HTTP/1.1" 200 217
INFO 2020-11-04 21:50:33,165 basehttp 124 "GET /home/banner/ HTTP/1.1" 200 342
INFO 2020-11-04 21:50:33,169 basehttp 124 "GET /home/footer/ HTTP/1.1" 200 211
INFO 2020-11-04 21:50:33,430 basehttp 124 "GET /home/header/ HTTP/1.1" 200 217
INFO 2020-11-04 21:50:33,455 basehttp 124 "GET /home/banner/ HTTP/1.1" 200 342
INFO 2020-11-04 21:50:33,458 basehttp 124 "GET /home/footer/ HTTP/1.1" 200 211
INFO 2020-11-04 21:50:33,816 basehttp 124 "GET /home/header/ HTTP/1.1" 200 217
INFO 2020-11-04 21:50:33,825 basehttp 124 "GET /home/footer/ HTTP/1.1" 200 211
INFO 2020-11-04 21:50:33,829 basehttp 124 "GET /home/banner/ HTTP/1.1" 200 342
INFO 2020-11-04 21:50:34,194 basehttp 124 "GET /home/header/ HTTP/1.1" 200 217
INFO 2020-11-04 21:50:34,194 basehttp 124 "GET /home/banner/ HTTP/1.1" 200 342
INFO 2020-11-04 21:50:34,196 basehttp 124 "GET /home/footer/ HTTP/1.1" 200 211
INFO 2020-11-04 21:50:34,474 basehttp 124 "GET /home/header/ HTTP/1.1" 200 217
INFO 2020-11-04 21:50:34,494 basehttp 124 "GET /home/banner/ HTTP/1.1" 200 342
INFO 2020-11-04 21:50:34,502 basehttp 124 "GET /home/footer/ HTTP/1.1" 200 211
INFO 2020-11-05 19:38:17,460 basehttp 124 "GET /admin HTTP/1.1" 301 0
INFO 2020-11-05 19:38:17,554 basehttp 124 "GET /admin/ HTTP/1.1" 200 4366
INFO 2020-11-05 19:38:17,607 basehttp 124 "GET /static/xadmin/css/themes/bootstrap-xadmin.css HTTP/1.1" 200 1888
INFO 2020-11-05 19:38:17,609 basehttp 124 "GET /static/xadmin/css/xadmin.main.css HTTP/1.1" 200 8376
INFO 2020-11-05 19:38:17,611 basehttp 124 "GET /static/xadmin/vendor/bootstrap/css/bootstrap.css HTTP/1.1" 200 126432
INFO 2020-11-05 19:38:17,615 basehttp 124 "GET /static/xadmin/vendor/font-awesome/css/font-awesome.css HTTP/1.1" 200 21658
INFO 2020-11-05 19:38:17,616 basehttp 124 "GET /static/xadmin/css/xadmin.plugins.css HTTP/1.1" 200 175
INFO 2020-11-05 19:38:17,621 basehttp 124 "GET /static/xadmin/css/xadmin.responsive.css HTTP/1.1" 200 4361
INFO 2020-11-05 19:38:17,625 basehttp 124 "GET /static/xadmin/vendor/jquery/jquery.js HTTP/1.1" 200 240196
INFO 2020-11-05 19:38:17,648 basehttp 124 "GET /admin/jsi18n/ HTTP/1.1" 200 4373
INFO 2020-11-05 19:38:17,650 basehttp 124 "GET /static/xadmin/vendor/jquery-ui/jquery.ui.core.js HTTP/1.1" 200 8195
INFO 2020-11-05 19:38:17,650 basehttp 124 "GET /static/xadmin/vendor/jquery-ui/jquery.ui.mouse.js HTTP/1.1" 200 4561
INFO 2020-11-05 19:38:17,651 basehttp 124 "GET /static/xadmin/vendor/jquery-ui/jquery.ui.widget.js HTTP/1.1" 200 15069
INFO 2020-11-05 19:38:17,656 basehttp 124 "GET /static/xadmin/vendor/jquery-ui/jquery.ui.sortable.js HTTP/1.1" 200 42543
INFO 2020-11-05 19:38:17,670 basehttp 124 "GET /static/xadmin/vendor/bootstrap/js/bootstrap.js HTTP/1.1" 200 58327
INFO 2020-11-05 19:38:17,672 basehttp 124 "GET /static/xadmin/js/xadmin.responsive.js HTTP/1.1" 200 4165
INFO 2020-11-05 19:38:17,688 basehttp 124 "GET /static/xadmin/vendor/jquery-ui/jquery.ui.effect.js HTTP/1.1" 200 31918
INFO 2020-11-05 19:38:17,702 basehttp 124 "GET /static/xadmin/js/xadmin.plugin.themes.js HTTP/1.1" 200 3489
INFO 2020-11-05 19:38:17,710 basehttp 124 "GET /static/xadmin/js/xadmin.main.js HTTP/1.1" 200 3401
INFO 2020-11-05 19:38:17,817 basehttp 124 "GET /static/xadmin/vendor/font-awesome/fonts/fontawesome-webfont.woff?v=4.0.3 HTTP/1.1" 200 44432
WARNING 2020-11-05 19:38:17,851 base 93 Not Found: /favicon.ico
WARNING 2020-11-05 19:38:17,852 basehttp 124 "GET /favicon.ico HTTP/1.1" 404 2203
INFO 2020-11-05 19:38:23,886 basehttp 124 "POST /admin/ HTTP/1.1" 302 0
WARNING 2020-11-05 19:38:25,218 csrf 153 Forbidden (CSRF token missing or incorrect.): /admin/
WARNING 2020-11-05 19:38:25,221 basehttp 124 "POST /admin/ HTTP/1.1" 403 2513
INFO 2020-11-05 19:38:28,508 basehttp 124 "GET /admin/ HTTP/1.1" 200 15507
ERROR 2020-11-05 19:38:28,598 basehttp 124 "GET /admin/ HTTP/1.1" 500 59
WARNING 2020-11-05 19:43:34,453 csrf 153 Forbidden (CSRF token missing or incorrect.): /admin/
WARNING 2020-11-05 19:43:34,461 basehttp 124 "POST /admin/ HTTP/1.1" 403 2513
INFO 2020-11-05 19:43:40,783 basehttp 124 "GET /admin/ HTTP/1.1" 200 15507
INFO 2020-11-05 19:43:40,836 basehttp 124 "GET /static/xadmin/css/xadmin.page.dashboard.css HTTP/1.1" 200 790
INFO 2020-11-05 19:43:40,873 basehttp 124 "GET /static/xadmin/js/xadmin.page.dashboard.js HTTP/1.1" 200 3208
INFO 2020-11-05 19:43:40,874 basehttp 124 "GET /admin/jsi18n/ HTTP/1.1" 200 7716
INFO 2020-11-05 19:43:40,876 basehttp 124 "GET /static/xadmin/js/xadmin.plugin.portal.js HTTP/1.1" 200 1000
INFO 2020-11-05 19:43:42,660 basehttp 124 "GET /admin/ HTTP/1.1" 200 15507
INFO 2020-11-05 19:43:42,719 basehttp 124 "GET /admin/jsi18n/ HTTP/1.1" 200 7716
INFO 2020-11-05 19:43:43,360 basehttp 124 "GET /admin/ HTTP/1.1" 200 15507
INFO 2020-11-05 19:43:43,418 basehttp 124 "GET /admin/jsi18n/ HTTP/1.1" 200 7716
INFO 2020-11-05 19:43:50,794 basehttp 124 "GET /admin/ HTTP/1.1" 200 15507
INFO 2020-11-05 19:43:50,849 basehttp 124 "GET /admin/jsi18n/ HTTP/1.1" 200 7716
INFO 2020-11-05 19:43:54,846 basehttp 124 "GET /admin/logout/ HTTP/1.1" 200 2879
INFO 2020-11-05 19:43:54,887 basehttp 124 "GET /admin/jsi18n/ HTTP/1.1" 200 4373
INFO 2020-11-05 19:43:58,727 basehttp 124 "GET /admin/ HTTP/1.1" 200 4366
INFO 2020-11-05 19:43:58,766 basehttp 124 "GET /admin/jsi18n/ HTTP/1.1" 200 4373
INFO 2020-11-05 19:44:06,323 basehttp 124 "POST /admin/ HTTP/1.1" 302 0
INFO 2020-11-05 19:44:06,361 basehttp 124 "GET /admin/ HTTP/1.1" 200 15507
INFO 2020-11-05 19:44:06,417 basehttp 124 "GET /admin/jsi18n/ HTTP/1.1" 200 7716
INFO 2020-11-05 19:48:25,977 basehttp 124 "GET /home/banner/ HTTP/1.1" 200 2
INFO 2020-11-05 19:50:20,863 basehttp 124 "GET /home/banner/ HTTP/1.1" 200 2
INFO 2020-11-05 19:50:43,358 basehttp 124 "GET /admin/reversion/revision/ HTTP/1.1" 200 30175
INFO 2020-11-05 19:50:43,410 basehttp 124 "GET /static/xadmin/css/xadmin.form.css HTTP/1.1" 200 3763
INFO 2020-11-05 19:50:43,414 basehttp 124 "GET /static/xadmin/vendor/bootstrap-datepicker/css/datepicker.css HTTP/1.1" 200 10225
INFO 2020-11-05 19:50:43,418 basehttp 124 "GET /static/xadmin/vendor/selectize/selectize.css HTTP/1.1" 200 8425
INFO 2020-11-05 19:50:43,418 basehttp 124 "GET /static/xadmin/vendor/select2/select2.css HTTP/1.1" 200 19226
INFO 2020-11-05 19:50:43,434 basehttp 124 "GET /static/xadmin/js/xadmin.plugin.bookmark.js HTTP/1.1" 200 529
INFO 2020-11-05 19:50:43,435 basehttp 124 "GET /static/xadmin/vendor/selectize/selectize.bootstrap3.css HTTP/1.1" 200 10602
INFO 2020-11-05 19:50:43,436 basehttp 124 "GET /static/xadmin/js/xadmin.plugin.details.js HTTP/1.1" 200 2319
INFO 2020-11-05 19:50:43,443 basehttp 124 "GET /static/xadmin/vendor/bootstrap-datepicker/js/bootstrap-datepicker.js HTTP/1.1" 200 32656
INFO 2020-11-05 19:50:43,481 basehttp 124 "GET /static/xadmin/js/xadmin.widget.datetime.js HTTP/1.1" 200 2979
INFO 2020-11-05 19:50:43,492 basehttp 124 "GET /static/xadmin/vendor/selectize/selectize.js HTTP/1.1" 200 98602
INFO 2020-11-05 19:50:43,511 basehttp 124 "GET /static/xadmin/vendor/select2/select2_locale_zh-Hans.js HTTP/1.1" 200 694
INFO 2020-11-05 19:50:43,516 basehttp 124 "GET /static/xadmin/js/xadmin.widget.select.js HTTP/1.1" 200 1344
INFO 2020-11-05 19:50:43,516 basehttp 124 "GET /static/xadmin/js/xadmin.plugin.filters.js HTTP/1.1" 200 1990
INFO 2020-11-05 19:50:43,521 basehttp 124 "GET /static/xadmin/vendor/select2/select2.js HTTP/1.1" 200 104906
INFO 2020-11-05 19:50:43,523 basehttp 124 "GET /static/xadmin/js/xadmin.page.list.js HTTP/1.1" 200 1105
INFO 2020-11-05 19:50:43,525 basehttp 124 "GET /admin/user/userinfo/ HTTP/1.1" 200 35394
INFO 2020-11-05 19:50:43,527 basehttp 124 "GET /static/xadmin/js/xadmin.page.form.js HTTP/1.1" 200 1948
ERROR 2020-11-05 19:50:43,532 basehttp 124 "GET /admin/user/userinfo/ HTTP/1.1" 500 59
INFO 2020-11-05 19:50:43,538 basehttp 124 "GET /admin/jsi18n/ HTTP/1.1" 200 7716
INFO 2020-11-05 19:50:45,429 basehttp 124 "GET /admin/home/banner/ HTTP/1.1" 200 25484
INFO 2020-11-05 19:50:45,471 basehttp 124 "GET /admin/jsi18n/ HTTP/1.1" 200 7716
INFO 2020-11-05 19:50:48,298 basehttp 124 "GET /admin/home/nav/ HTTP/1.1" 200 25636
INFO 2020-11-05 19:50:48,350 basehttp 124 "GET /admin/jsi18n/ HTTP/1.1" 200 7716
INFO 2020-11-05 19:50:52,295 basehttp 124 "GET /admin/home/banner/ HTTP/1.1" 200 25484
INFO 2020-11-05 19:50:52,346 basehttp 124 "GET /admin/jsi18n/ HTTP/1.1" 200 7716
INFO 2020-11-05 19:50:53,089 basehttp 124 "GET /admin/home/nav/ HTTP/1.1" 200 25636
INFO 2020-11-05 19:50:53,139 basehttp 124 "GET /admin/jsi18n/ HTTP/1.1" 200 7716
INFO 2020-11-05 19:51:12,235 basehttp 124 "GET /admin/auth/group/ HTTP/1.1" 200 24763
INFO 2020-11-05 19:51:12,294 basehttp 124 "GET /admin/jsi18n/ HTTP/1.1" 200 7716
INFO 2020-11-05 19:51:13,007 basehttp 124 "GET /admin/auth/permission/ HTTP/1.1" 200 91103
INFO 2020-11-05 19:51:13,059 basehttp 124 "GET /admin/jsi18n/ HTTP/1.1" 200 7716
INFO 2020-11-05 19:51:13,075 basehttp 124 "GET /static/xadmin/js/xadmin.plugin.actions.js HTTP/1.1" 200 4198
INFO 2020-11-05 19:51:16,519 basehttp 124 "GET /admin/home/nav/ HTTP/1.1" 200 25636
INFO 2020-11-05 19:51:16,576 basehttp 124 "GET /admin/jsi18n/ HTTP/1.1" 200 7716
INFO 2020-11-05 19:51:17,209 basehttp 124 "GET /admin/home/banner/ HTTP/1.1" 200 25484
INFO 2020-11-05 19:51:17,265 basehttp 124 "GET /admin/jsi18n/ HTTP/1.1" 200 7716
INFO 2020-11-05 19:54:11,759 basehttp 124 "GET /home/banner/ HTTP/1.1" 200 2
INFO 2020-11-05 19:54:15,896 basehttp 124 "GET /admin/home/banner/ HTTP/1.1" 200 26751
INFO 2020-11-05 19:54:15,950 basehttp 124 "GET /admin/jsi18n/ HTTP/1.1" 200 7716
INFO 2020-11-05 19:54:24,189 basehttp 124 "GET /admin/home/banner/ HTTP/1.1" 200 26751
INFO 2020-11-05 19:54:24,242 basehttp 124 "GET /admin/jsi18n/ HTTP/1.1" 200 7716
INFO 2020-11-05 19:54:24,429 basehttp 124 "GET /admin/home/nav/ HTTP/1.1" 200 26907
INFO 2020-11-05 19:54:24,477 basehttp 124 "GET /admin/jsi18n/ HTTP/1.1" 200 7716
INFO 2020-11-05 19:54:25,041 basehttp 124 "GET /admin/home/nav/ HTTP/1.1" 200 26907
INFO 2020-11-05 19:54:25,099 basehttp 124 "GET /admin/jsi18n/ HTTP/1.1" 200 7716
INFO 2020-11-05 19:54:25,326 basehttp 124 "GET /admin/home/nav/ HTTP/1.1" 200 26907
INFO 2020-11-05 19:54:25,378 basehttp 124 "GET /admin/jsi18n/ HTTP/1.1" 200 7716
INFO 2020-11-05 19:54:25,621 basehttp 124 "GET /admin/home/nav/ HTTP/1.1" 200 26907
INFO 2020-11-05 19:54:25,672 basehttp 124 "GET /admin/jsi18n/ HTTP/1.1" 200 7716
INFO 2020-11-05 19:54:35,171 basehttp 124 "GET /admin/ HTTP/1.1" 200 15507
INFO 2020-11-05 19:54:35,225 basehttp 124 "GET /admin/jsi18n/ HTTP/1.1" 200 7716
INFO 2020-11-05 19:54:37,563 basehttp 124 "GET /admin/home/banner/ HTTP/1.1" 200 26751
INFO 2020-11-05 19:54:37,616 basehttp 124 "GET /admin/jsi18n/ HTTP/1.1" 200 7716
INFO 2020-11-05 19:54:47,980 basehttp 124 "GET /admin/home/banner/add/ HTTP/1.1" 200 20531
INFO 2020-11-05 19:54:48,012 basehttp 124 "GET /static/xadmin/vendor/bootstrap-image-gallery/css/bootstrap-image-gallery.css HTTP/1.1" 200 3339
INFO 2020-11-05 19:54:48,028 basehttp 124 "GET /static/xadmin/vendor/load-image/load-image.js HTTP/1.1" 200 8309
INFO 2020-11-05 19:54:48,039 basehttp 124 "GET /static/xadmin/vendor/bootstrap-image-gallery/js/bootstrap-image-gallery.js HTTP/1.1" 200 15611
INFO 2020-11-05 19:54:48,044 basehttp 124 "GET /admin/jsi18n/ HTTP/1.1" 200 7716
INFO 2020-11-05 19:54:49,802 basehttp 124 "GET /admin/home/banner/ HTTP/1.1" 200 26751
INFO 2020-11-05 19:54:49,861 basehttp 124 "GET /admin/jsi18n/ HTTP/1.1" 200 7716
INFO 2020-11-05 19:54:50,501 basehttp 124 "GET /admin/ HTTP/1.1" 200 15507
INFO 2020-11-05 19:54:50,556 basehttp 124 "GET /admin/jsi18n/ HTTP/1.1" 200 7716
INFO 2020-11-05 19:54:55,006 basehttp 124 "GET /admin/home/nav/ HTTP/1.1" 200 26907
INFO 2020-11-05 19:54:55,063 basehttp 124 "GET /admin/jsi18n/ HTTP/1.1" 200 7716
INFO 2020-11-05 19:54:55,843 basehttp 124 "GET /admin/home/banner/ HTTP/1.1" 200 26751
INFO 2020-11-05 19:54:55,897 basehttp 124 "GET /admin/jsi18n/ HTTP/1.1" 200 7716
INFO 2020-11-05 19:54:56,777 basehttp 124 "GET /admin/home/nav/ HTTP/1.1" 200 26907
INFO 2020-11-05 19:54:56,829 basehttp 124 "GET /admin/jsi18n/ HTTP/1.1" 200 7716
INFO 2020-11-05 19:55:03,526 basehttp 124 "GET /admin/home/nav/?_cols=id.title.orders.is_show HTTP/1.1" 200 28141
INFO 2020-11-05 19:55:03,579 basehttp 124 "GET /admin/jsi18n/ HTTP/1.1" 200 7716
INFO 2020-11-05 19:55:16,420 basehttp 124 "GET /admin/home/nav/? HTTP/1.1" 200 26907
INFO 2020-11-05 19:55:16,473 basehttp 124 "GET /admin/jsi18n/ HTTP/1.1" 200 7716
INFO 2020-11-05 19:55:30,870 basehttp 124 "GET /admin/reversion/revision/ HTTP/1.1" 200 30175
INFO 2020-11-05 19:55:30,926 basehttp 124 "GET /admin/jsi18n/ HTTP/1.1" 200 7716
INFO 2020-11-05 19:55:31,841 basehttp 124 "GET /admin/user/userinfo/ HTTP/1.1" 200 35394
INFO 2020-11-05 19:55:31,893 basehttp 124 "GET /admin/jsi18n/ HTTP/1.1" 200 7716
INFO 2020-11-05 19:55:39,108 basehttp 124 "GET /admin/home/banner/ HTTP/1.1" 200 26751
INFO 2020-11-05 19:55:39,160 basehttp 124 "GET /admin/jsi18n/ HTTP/1.1" 200 7716
INFO 2020-11-05 19:55:39,895 basehttp 124 "GET /admin/home/banner/ HTTP/1.1" 200 26751
INFO 2020-11-05 19:55:39,949 basehttp 124 "GET /admin/jsi18n/ HTTP/1.1" 200 7716
INFO 2020-11-05 19:55:49,520 basehttp 124 "POST /admin/home/banner/ HTTP/1.1" 200 27030
INFO 2020-11-05 19:55:49,577 basehttp 124 "GET /admin/jsi18n/ HTTP/1.1" 200 7716
INFO 2020-11-05 19:55:58,673 basehttp 124 "POST /admin/home/banner/ HTTP/1.1" 200 27030
INFO 2020-11-05 19:55:58,727 basehttp 124 "GET /admin/jsi18n/ HTTP/1.1" 200 7716
INFO 2020-11-05 19:56:03,227 basehttp 124 "GET /admin/user/userinfo/?_q_= HTTP/1.1" 200 35656
INFO 2020-11-05 19:56:03,306 basehttp 124 "GET /admin/jsi18n/ HTTP/1.1" 200 7716
INFO 2020-11-05 19:56:05,492 basehttp 124 "GET /admin/home/banner/ HTTP/1.1" 200 26751
INFO 2020-11-05 19:56:05,545 basehttp 124 "GET /admin/jsi18n/ HTTP/1.1" 200 7716
INFO 2020-11-05 19:56:06,535 basehttp 124 "GET /admin/home/nav/ HTTP/1.1" 200 26907
INFO 2020-11-05 19:56:06,583 basehttp 124 "GET /admin/jsi18n/ HTTP/1.1" 200 7716
INFO 2020-11-05 19:56:07,624 basehttp 124 "GET /admin/home/banner/ HTTP/1.1" 200 26751
INFO 2020-11-05 19:56:07,682 basehttp 124 "GET /admin/jsi18n/ HTTP/1.1" 200 7716
INFO 2020-11-05 19:56:08,564 basehttp 124 "GET /admin/home/nav/ HTTP/1.1" 200 26907
INFO 2020-11-05 19:56:08,614 basehttp 124 "GET /admin/jsi18n/ HTTP/1.1" 200 7716
INFO 2020-11-05 19:56:52,393 basehttp 124 "GET /admin/home/banner/ HTTP/1.1" 200 26751
INFO 2020-11-05 19:56:52,443 basehttp 124 "GET /admin/jsi18n/ HTTP/1.1" 200 7716
INFO 2020-11-05 19:56:53,035 basehttp 124 "GET /admin/home/banner/ HTTP/1.1" 200 26751
INFO 2020-11-05 19:56:53,089 basehttp 124 "GET /admin/jsi18n/ HTTP/1.1" 200 7716
INFO 2020-11-05 19:56:55,466 basehttp 124 "GET /admin/home/nav/ HTTP/1.1" 200 26907
INFO 2020-11-05 19:56:55,516 basehttp 124 "GET /admin/jsi18n/ HTTP/1.1" 200 7716
INFO 2020-11-05 19:58:00,403 basehttp 124 "GET /admin/home/nav/ HTTP/1.1" 200 25636
INFO 2020-11-05 19:58:00,454 basehttp 124 "GET /admin/jsi18n/ HTTP/1.1" 200 7716
INFO 2020-11-05 19:58:01,114 basehttp 124 "GET /admin/home/nav/ HTTP/1.1" 200 25636
INFO 2020-11-05 19:58:01,161 basehttp 124 "GET /admin/jsi18n/ HTTP/1.1" 200 7716
INFO 2020-11-05 19:58:01,555 basehttp 124 "GET /admin/home/nav/ HTTP/1.1" 200 25636
INFO 2020-11-05 19:58:01,606 basehttp 124 "GET /admin/jsi18n/ HTTP/1.1" 200 7716
INFO 2020-11-05 19:58:01,730 basehttp 124 "GET /admin/home/nav/ HTTP/1.1" 200 25636
INFO 2020-11-05 19:58:01,782 basehttp 124 "GET /admin/jsi18n/ HTTP/1.1" 200 7716
INFO 2020-11-05 19:58:01,913 basehttp 124 "GET /admin/home/nav/ HTTP/1.1" 200 25636
INFO 2020-11-05 19:58:01,959 basehttp 124 "GET /admin/jsi18n/ HTTP/1.1" 200 7716
INFO 2020-11-05 19:58:02,087 basehttp 124 "GET /admin/home/nav/ HTTP/1.1" 200 25636
INFO 2020-11-05 19:58:02,129 basehttp 124 "GET /admin/jsi18n/ HTTP/1.1" 200 7716
INFO 2020-11-05 19:58:03,282 basehttp 124 "GET /admin/home/banner/ HTTP/1.1" 200 25484
INFO 2020-11-05 19:58:03,335 basehttp 124 "GET /admin/jsi18n/ HTTP/1.1" 200 7716
INFO 2020-11-05 19:58:04,542 basehttp 124 "GET /admin/home/banner/add/ HTTP/1.1" 200 20531
INFO 2020-11-05 19:58:04,594 basehttp 124 "GET /admin/jsi18n/ HTTP/1.1" 200 7716
INFO 2020-11-05 19:58:56,169 basehttp 124 "POST /admin/home/banner/add/ HTTP/1.1" 302 0
INFO 2020-11-05 19:58:56,251 basehttp 124 "GET /admin/home/banner/add/ HTTP/1.1" 200 20878
INFO 2020-11-05 19:58:56,300 basehttp 124 "GET /admin/jsi18n/ HTTP/1.1" 200 7716
INFO 2020-11-05 19:59:09,741 basehttp 124 "POST /admin/home/banner/add/ HTTP/1.1" 302 0
INFO 2020-11-05 19:59:09,818 basehttp 124 "GET /admin/home/banner/add/ HTTP/1.1" 200 20878
INFO 2020-11-05 19:59:09,868 basehttp 124 "GET /admin/jsi18n/ HTTP/1.1" 200 7716
INFO 2020-11-05 19:59:30,133 basehttp 124 "POST /admin/home/banner/add/ HTTP/1.1" 302 0
INFO 2020-11-05 19:59:30,221 basehttp 124 "GET /admin/home/banner/ HTTP/1.1" 200 30705
INFO 2020-11-05 19:59:30,284 basehttp 124 "GET /admin/jsi18n/ HTTP/1.1" 200 7716
INFO 2020-11-05 19:59:31,850 basehttp 124 "GET /admin/home/banner/2/update/ HTTP/1.1" 200 21015
INFO 2020-11-05 19:59:31,907 basehttp 124 "GET /admin/jsi18n/ HTTP/1.1" 200 7716
INFO 2020-11-05 19:59:31,914 basehttp 124 "GET /media/banner/02_fixMVEP.png HTTP/1.1" 200 364808
INFO 2020-11-05 19:59:41,090 basehttp 124 "POST /admin/home/banner/2/update/ HTTP/1.1" 302 0
INFO 2020-11-05 19:59:41,170 basehttp 124 "GET /admin/home/banner/ HTTP/1.1" 200 30646
INFO 2020-11-05 19:59:41,228 basehttp 124 "GET /admin/jsi18n/ HTTP/1.1" 200 7716
INFO 2020-11-05 20:00:02,863 basehttp 124 "GET /home/banner/ HTTP/1.1" 200 293
INFO 2020-11-05 20:00:03,142 basehttp 124 "GET /media/banner/03.png HTTP/1.1" 200 745382
INFO 2020-11-05 20:00:03,293 basehttp 124 "GET /media/banner/02_BZ7WAxM.png HTTP/1.1" 200 364808
INFO 2020-11-05 20:00:03,421 basehttp 124 "GET /media/banner/01_ARogmV2.png HTTP/1.1" 200 737783
INFO 2020-11-05 20:00:23,929 basehttp 124 "GET /admin/home/nav/ HTTP/1.1" 200 25636
INFO 2020-11-05 20:00:23,979 basehttp 124 "GET /admin/jsi18n/ HTTP/1.1" 200 7716
INFO 2020-11-05 20:00:31,428 basehttp 124 "GET /admin/home/nav/add/ HTTP/1.1" 200 19878
INFO 2020-11-05 20:00:31,481 basehttp 124 "GET /admin/jsi18n/ HTTP/1.1" 200 7716
INFO 2020-11-05 20:01:04,986 basehttp 124 "POST /admin/home/nav/add/ HTTP/1.1" 302 0
INFO 2020-11-05 20:01:05,076 basehttp 124 "GET /admin/home/nav/add/ HTTP/1.1" 200 20219
INFO 2020-11-05 20:01:05,130 basehttp 124 "GET /admin/jsi18n/ HTTP/1.1" 200 7716
INFO 2020-11-05 20:01:22,823 basehttp 124 "POST /admin/home/nav/add/ HTTP/1.1" 302 0
INFO 2020-11-05 20:01:22,920 basehttp 124 "GET /admin/home/nav/add/ HTTP/1.1" 200 20230
INFO 2020-11-05 20:01:22,970 basehttp 124 "GET /admin/jsi18n/ HTTP/1.1" 200 7716
INFO 2020-11-05 20:01:39,330 basehttp 124 "POST /admin/home/nav/add/ HTTP/1.1" 302 0
INFO 2020-11-05 20:01:39,416 basehttp 124 "GET /admin/home/nav/add/ HTTP/1.1" 200 20221
INFO 2020-11-05 20:01:39,471 basehttp 124 "GET /admin/jsi18n/ HTTP/1.1" 200 7716
INFO 2020-11-05 20:01:52,561 basehttp 124 "POST /admin/home/nav/add/ HTTP/1.1" 302 0
INFO 2020-11-05 20:01:52,650 basehttp 124 "GET /admin/home/nav/add/ HTTP/1.1" 200 20230
INFO 2020-11-05 20:01:52,704 basehttp 124 "GET /admin/jsi18n/ HTTP/1.1" 200 7716
INFO 2020-11-05 20:02:07,614 basehttp 124 "POST /admin/home/nav/add/ HTTP/1.1" 302 0
INFO 2020-11-05 20:02:07,705 basehttp 124 "GET /admin/home/nav/ HTTP/1.1" 200 32032
INFO 2020-11-05 20:02:07,769 basehttp 124 "GET /admin/jsi18n/ HTTP/1.1" 200 7716
INFO 2020-11-05 20:02:13,903 basehttp 124 "GET /admin/home/nav/add/ HTTP/1.1" 200 19878
INFO 2020-11-05 20:02:13,956 basehttp 124 "GET /admin/jsi18n/ HTTP/1.1" 200 7716
INFO 2020-11-05 20:02:30,964 basehttp 124 "POST /admin/home/nav/add/ HTTP/1.1" 302 0
INFO 2020-11-05 20:02:31,048 basehttp 124 "GET /admin/home/nav/add/ HTTP/1.1" 200 20221
INFO 2020-11-05 20:02:31,104 basehttp 124 "GET /admin/jsi18n/ HTTP/1.1" 200 7716
INFO 2020-11-05 20:02:49,330 basehttp 124 "POST /admin/home/nav/add/ HTTP/1.1" 302 0
INFO 2020-11-05 20:02:49,414 basehttp 124 "GET /admin/home/nav/add/ HTTP/1.1" 200 20222
INFO 2020-11-05 20:02:49,472 basehttp 124 "GET /admin/jsi18n/ HTTP/1.1" 200 7716
INFO 2020-11-05 20:03:11,396 basehttp 124 "POST /admin/home/nav/add/ HTTP/1.1" 302 0
INFO 2020-11-05 20:03:11,487 basehttp 124 "GET /admin/home/nav/add/ HTTP/1.1" 200 20222
INFO 2020-11-05 20:03:11,557 basehttp 124 "GET /admin/jsi18n/ HTTP/1.1" 200 7716
INFO 2020-11-05 20:03:28,078 basehttp 124 "POST /admin/home/nav/add/ HTTP/1.1" 302 0
INFO 2020-11-05 20:03:28,170 basehttp 124 "GET /admin/home/nav/add/ HTTP/1.1" 200 20222
INFO 2020-11-05 20:03:28,238 basehttp 124 "GET /admin/jsi18n/ HTTP/1.1" 200 7716
INFO 2020-11-05 20:03:43,374 basehttp 124 "POST /admin/home/nav/add/ HTTP/1.1" 302 0
INFO 2020-11-05 20:03:43,500 basehttp 124 "GET /admin/home/nav/ HTTP/1.1" 200 34981
INFO 2020-11-05 20:03:43,556 basehttp 124 "GET /admin/jsi18n/ HTTP/1.1" 200 7716
INFO 2020-11-05 20:03:49,390 basehttp 124 "GET /home/banner/ HTTP/1.1" 200 293
INFO 2020-11-05 20:03:49,403 basehttp 124 "GET /media/banner/03.png HTTP/1.1" 304 0
INFO 2020-11-05 20:03:49,406 basehttp 124 "GET /media/banner/02_BZ7WAxM.png HTTP/1.1" 304 0
INFO 2020-11-05 20:03:49,407 basehttp 124 "GET /media/banner/01_ARogmV2.png HTTP/1.1" 304 0
INFO 2020-11-05 20:03:51,468 basehttp 124 "GET /home/banner/ HTTP/1.1" 200 293
INFO 2020-11-05 20:04:23,718 basehttp 124 "GET /home/banner/ HTTP/1.1" 200 293
INFO 2020-11-05 20:04:23,887 basehttp 124 "GET /media/banner/03.png HTTP/1.1" 304 0
INFO 2020-11-05 20:04:23,905 basehttp 124 "GET /media/banner/02_BZ7WAxM.png HTTP/1.1" 304 0
INFO 2020-11-05 20:04:23,910 basehttp 124 "GET /media/banner/01_ARogmV2.png HTTP/1.1" 304 0
INFO 2020-11-05 20:05:10,662 basehttp 124 "GET /admin/home/nav/9/update/ HTTP/1.1" 200 20192
INFO 2020-11-05 20:05:10,722 basehttp 124 "GET /admin/jsi18n/ HTTP/1.1" 200 7716
INFO 2020-11-05 20:05:15,111 basehttp 124 "GET /admin/home/nav/ HTTP/1.1" 200 34674
INFO 2020-11-05 20:12:11,016 basehttp 124 "GET /home/banner/ HTTP/1.1" 200 293
INFO 2020-11-05 20:12:11,082 basehttp 124 "GET /home/footer/ HTTP/1.1" 200 208
INFO 2020-11-05 20:12:11,131 basehttp 124 "GET /media/banner/03.png HTTP/1.1" 304 0
INFO 2020-11-05 20:12:11,149 basehttp 124 "GET /media/banner/02_BZ7WAxM.png HTTP/1.1" 304 0
INFO 2020-11-05 20:12:11,158 basehttp 124 "GET /media/banner/01_ARogmV2.png HTTP/1.1" 304 0
INFO 2020-11-05 20:12:31,068 basehttp 124 "GET /home/banner/ HTTP/1.1" 200 293
INFO 2020-11-05 20:12:31,119 basehttp 124 "GET /home/footer/ HTTP/1.1" 200 208
INFO 2020-11-05 20:13:27,168 basehttp 124 "GET /home/banner/ HTTP/1.1" 200 293
INFO 2020-11-05 20:13:27,238 basehttp 124 "GET /media/banner/03.png HTTP/1.1" 304 0
INFO 2020-11-05 20:13:27,242 basehttp 124 "GET /media/banner/02_BZ7WAxM.png HTTP/1.1" 304 0
INFO 2020-11-05 20:13:27,243 basehttp 124 "GET /home/footer/ HTTP/1.1" 200 208
INFO 2020-11-05 20:16:21,494 basehttp 124 "GET /home/banner/ HTTP/1.1" 200 293
INFO 2020-11-05 20:16:21,599 basehttp 124 "GET /home/footer/ HTTP/1.1" 200 208
INFO 2020-11-05 20:16:21,615 basehttp 124 "GET /media/banner/03.png HTTP/1.1" 304 0
INFO 2020-11-05 20:16:21,638 basehttp 124 "GET /media/banner/02_BZ7WAxM.png HTTP/1.1" 304 0
INFO 2020-11-05 20:16:21,648 basehttp 124 "GET /media/banner/01_ARogmV2.png HTTP/1.1" 304 0
INFO 2020-11-05 20:17:48,917 basehttp 124 "GET /home/header/ HTTP/1.1" 200 217
INFO 2020-11-05 20:18:50,627 basehttp 124 "GET /home/header/ HTTP/1.1" 200 217
INFO 2020-11-05 20:18:56,812 basehttp 124 "GET /home/header/ HTTP/1.1" 200 217
INFO 2020-11-05 20:18:56,889 basehttp 124 "GET /home/footer/ HTTP/1.1" 200 208
INFO 2020-11-05 20:18:56,910 basehttp 124 "GET /home/banner/ HTTP/1.1" 200 293
INFO 2020-11-05 20:18:57,022 basehttp 124 "GET /media/banner/03.png HTTP/1.1" 304 0
INFO 2020-11-05 20:18:57,041 basehttp 124 "GET /media/banner/02_BZ7WAxM.png HTTP/1.1" 304 0
INFO 2020-11-05 20:18:57,062 basehttp 124 "GET /media/banner/01_ARogmV2.png HTTP/1.1" 304 0
INFO 2020-11-05 20:31:12,026 basehttp 124 "GET /media/banner/01_ARogmV2.png HTTP/1.1" 304 0
INFO 2020-11-05 20:31:12,038 basehttp 124 "GET /media/banner/03.png HTTP/1.1" 304 0
INFO 2020-11-05 20:31:12,041 basehttp 124 "GET /media/banner/02_BZ7WAxM.png HTTP/1.1" 304 0
INFO 2020-11-05 20:31:23,370 basehttp 124 "GET /home/header/ HTTP/1.1" 200 217
INFO 2020-11-05 20:31:23,372 basehttp 124 "GET /home/banner/ HTTP/1.1" 200 293
INFO 2020-11-05 20:31:23,374 basehttp 124 "GET /home/footer/ HTTP/1.1" 200 208
INFO 2020-11-05 20:31:30,303 basehttp 124 "GET /home/header/ HTTP/1.1" 200 217
INFO 2020-11-05 20:31:30,307 basehttp 124 "GET /home/banner/ HTTP/1.1" 200 293
INFO 2020-11-05 20:31:30,329 basehttp 124 "GET /home/footer/ HTTP/1.1" 200 208
INFO 2020-11-05 20:31:40,406 basehttp 124 "GET /home/header/ HTTP/1.1" 200 217
INFO 2020-11-05 20:31:40,484 basehttp 124 "GET /home/banner/ HTTP/1.1" 200 293
INFO 2020-11-05 20:31:40,497 basehttp 124 "GET /home/footer/ HTTP/1.1" 200 208
INFO 2020-11-05 20:31:43,830 basehttp 124 "GET /home/banner/ HTTP/1.1" 200 293
INFO 2020-11-05 20:31:43,902 basehttp 124 "GET /home/footer/ HTTP/1.1" 200 208
INFO 2020-11-05 20:35:33,164 basehttp 124 "GET /home/banner/ HTTP/1.1" 200 293
INFO 2020-11-05 20:35:33,165 basehttp 124 "GET /home/header/ HTTP/1.1" 200 217
INFO 2020-11-05 20:35:33,167 basehttp 124 "GET /home/footer/ HTTP/1.1" 200 208
INFO 2020-11-05 20:35:33,226 basehttp 124 "GET /media/banner/02_BZ7WAxM.png HTTP/1.1" 200 364808
INFO 2020-11-05 20:35:33,230 basehttp 124 "GET /media/banner/03.png HTTP/1.1" 200 745382
INFO 2020-11-05 20:35:33,234 basehttp 124 "GET /media/banner/01_ARogmV2.png HTTP/1.1" 200 737783
INFO 2020-11-05 20:37:36,275 basehttp 124 "OPTIONS /user/login/ HTTP/1.1" 200 0
INFO 2020-11-05 20:37:36,374 basehttp 124 "POST /user/login/ HTTP/1.1" 200 214
INFO 2020-11-05 20:37:36,464 basehttp 124 "GET /home/footer/ HTTP/1.1" 200 208
INFO 2020-11-05 20:37:36,470 basehttp 124 "GET /home/header/ HTTP/1.1" 200 217
INFO 2020-11-05 20:37:36,471 basehttp 124 "GET /home/banner/ HTTP/1.1" 200 293
INFO 2020-11-05 20:40:04,168 basehttp 124 "GET /home/header/ HTTP/1.1" 200 217
INFO 2020-11-05 20:42:38,987 basehttp 124 "GET /home/header/ HTTP/1.1" 200 217
INFO 2020-11-05 20:42:41,323 basehttp 124 "GET /home/header/ HTTP/1.1" 200 217
INFO 2020-11-05 20:42:41,329 basehttp 124 "GET /home/banner/ HTTP/1.1" 200 293
INFO 2020-11-05 20:42:41,329 basehttp 124 "GET /home/footer/ HTTP/1.1" 200 208
INFO 2020-11-05 20:42:43,591 basehttp 124 "GET /home/header/ HTTP/1.1" 200 217
INFO 2020-11-05 20:42:43,597 basehttp 124 "GET /home/footer/ HTTP/1.1" 200 208
INFO 2020-11-05 20:42:43,597 basehttp 124 "GET /home/banner/ HTTP/1.1" 200 293
INFO 2020-11-05 20:42:46,441 basehttp 124 "GET /home/header/ HTTP/1.1" 200 217
INFO 2020-11-05 20:42:46,446 basehttp 124 "GET /home/banner/ HTTP/1.1" 200 293
INFO 2020-11-05 20:42:46,446 basehttp 124 "GET /home/footer/ HTTP/1.1" 200 208
INFO 2020-11-05 20:42:51,075 basehttp 124 "GET /home/banner/ HTTP/1.1" 200 293
INFO 2020-11-05 20:42:51,077 basehttp 124 "GET /home/header/ HTTP/1.1" 200 217
INFO 2020-11-05 20:42:51,130 basehttp 124 "GET /home/footer/ HTTP/1.1" 200 208
INFO 2020-11-05 20:42:51,172 basehttp 124 "GET /media/banner/03.png HTTP/1.1" 304 0
INFO 2020-11-05 20:42:51,174 basehttp 124 "GET /media/banner/02_BZ7WAxM.png HTTP/1.1" 304 0
INFO 2020-11-05 20:42:51,192 basehttp 124 "GET /media/banner/01_ARogmV2.png HTTP/1.1" 304 0
INFO 2020-11-05 20:43:38,917 basehttp 124 "GET /home/banner/ HTTP/1.1" 200 293
INFO 2020-11-05 20:43:38,918 basehttp 124 "GET /home/header/ HTTP/1.1" 200 217
INFO 2020-11-05 20:43:38,920 basehttp 124 "GET /home/footer/ HTTP/1.1" 200 208
INFO 2020-11-05 20:43:41,510 basehttp 124 "GET /home/header/ HTTP/1.1" 200 217
INFO 2020-11-05 20:43:41,512 basehttp 124 "GET /home/banner/ HTTP/1.1" 200 293
INFO 2020-11-05 20:43:41,515 basehttp 124 "GET /home/footer/ HTTP/1.1" 200 208
INFO 2020-11-05 20:43:43,734 basehttp 124 "GET /home/header/ HTTP/1.1" 200 217
INFO 2020-11-05 20:43:43,742 basehttp 124 "GET /home/banner/ HTTP/1.1" 200 293
INFO 2020-11-05 20:43:43,747 basehttp 124 "GET /home/footer/ HTTP/1.1" 200 208
INFO 2020-11-05 20:43:46,717 basehttp 124 "GET /home/header/ HTTP/1.1" 200 217
INFO 2020-11-05 20:43:46,722 basehttp 124 "GET /home/banner/ HTTP/1.1" 200 293
INFO 2020-11-05 20:43:46,731 basehttp 124 "GET /home/footer/ HTTP/1.1" 200 208
INFO 2020-11-05 20:43:49,228 basehttp 124 "GET /home/header/ HTTP/1.1" 200 217
INFO 2020-11-05 20:43:49,230 basehttp 124 "GET /home/banner/ HTTP/1.1" 200 293
INFO 2020-11-05 20:43:49,251 basehttp 124 "GET /home/footer/ HTTP/1.1" 200 208
INFO 2020-11-05 20:43:55,755 basehttp 124 "GET /home/header/ HTTP/1.1" 200 217
INFO 2020-11-05 20:43:55,767 basehttp 124 "GET /home/banner/ HTTP/1.1" 200 293
INFO 2020-11-05 20:43:55,773 basehttp 124 "GET /home/footer/ HTTP/1.1" 200 208
INFO 2020-11-05 20:43:59,218 basehttp 124 "GET /home/header/ HTTP/1.1" 200 217
INFO 2020-11-05 20:43:59,221 basehttp 124 "GET /home/banner/ HTTP/1.1" 200 293
INFO 2020-11-05 20:43:59,225 basehttp 124 "GET /home/footer/ HTTP/1.1" 200 208
INFO 2020-11-05 20:45:59,364 basehttp 124 "GET /home/header/ HTTP/1.1" 200 217
INFO 2020-11-05 20:45:59,386 basehttp 124 "GET /home/banner/ HTTP/1.1" 200 293
INFO 2020-11-05 20:45:59,392 basehttp 124 "GET /home/footer/ HTTP/1.1" 200 208
INFO 2020-11-05 20:46:03,058 basehttp 124 "GET /home/header/ HTTP/1.1" 200 217
INFO 2020-11-05 20:46:03,060 basehttp 124 "GET /home/banner/ HTTP/1.1" 200 293
INFO 2020-11-05 20:46:03,064 basehttp 124 "GET /home/footer/ HTTP/1.1" 200 208
INFO 2020-11-05 20:46:11,150 basehttp 124 "GET /home/header/ HTTP/1.1" 200 217
INFO 2020-11-05 20:46:11,150 basehttp 124 "GET /home/banner/ HTTP/1.1" 200 293
INFO 2020-11-05 20:46:11,153 basehttp 124 "GET /home/footer/ HTTP/1.1" 200 208
INFO 2020-11-05 20:46:15,300 basehttp 124 "GET /home/header/ HTTP/1.1" 200 217
INFO 2020-11-05 20:46:15,304 basehttp 124 "GET /home/banner/ HTTP/1.1" 200 293
INFO 2020-11-05 20:46:15,305 basehttp 124 "GET /home/footer/ HTTP/1.1" 200 208
INFO 2020-11-05 20:46:51,878 basehttp 124 "GET /home/header/ HTTP/1.1" 200 217
INFO 2020-11-05 20:46:51,879 basehttp 124 "GET /home/banner/ HTTP/1.1" 200 293
INFO 2020-11-05 20:46:51,881 basehttp 124 "GET /home/footer/ HTTP/1.1" 200 208
INFO 2020-11-05 20:46:56,394 basehttp 124 "GET /home/header/ HTTP/1.1" 200 217
INFO 2020-11-05 20:46:56,397 basehttp 124 "GET /home/banner/ HTTP/1.1" 200 293
INFO 2020-11-05 20:46:56,400 basehttp 124 "GET /home/footer/ HTTP/1.1" 200 208
INFO 2020-11-05 20:46:58,975 basehttp 124 "GET /home/header/ HTTP/1.1" 200 217
INFO 2020-11-05 20:46:58,978 basehttp 124 "GET /home/banner/ HTTP/1.1" 200 293
INFO 2020-11-05 20:46:58,982 basehttp 124 "GET /home/footer/ HTTP/1.1" 200 208
INFO 2020-11-05 20:47:02,184 basehttp 124 "GET /home/header/ HTTP/1.1" 200 217
INFO 2020-11-05 20:47:02,188 basehttp 124 "GET /home/footer/ HTTP/1.1" 200 208
INFO 2020-11-05 20:47:02,189 basehttp 124 "GET /home/banner/ HTTP/1.1" 200 293
INFO 2020-11-05 20:47:05,302 basehttp 124 "GET /home/header/ HTTP/1.1" 200 217
INFO 2020-11-05 20:47:05,302 basehttp 124 "GET /home/banner/ HTTP/1.1" 200 293
INFO 2020-11-05 20:47:05,305 basehttp 124 "GET /home/footer/ HTTP/1.1" 200 208
INFO 2020-11-05 20:47:12,340 basehttp 124 "GET /home/header/ HTTP/1.1" 200 217
INFO 2020-11-05 20:47:12,345 basehttp 124 "GET /home/banner/ HTTP/1.1" 200 293
INFO 2020-11-05 20:47:12,346 basehttp 124 "GET /home/footer/ HTTP/1.1" 200 208
INFO 2020-11-05 20:52:53,880 basehttp 124 "POST /user/login/ HTTP/1.1" 200 214
INFO 2020-11-05 20:52:53,977 basehttp 124 "GET /home/header/ HTTP/1.1" 200 217
INFO 2020-11-05 20:52:53,982 basehttp 124 "GET /home/banner/ HTTP/1.1" 200 293
INFO 2020-11-05 20:52:53,983 basehttp 124 "GET /home/footer/ HTTP/1.1" 200 208
INFO 2020-11-05 20:52:58,948 basehttp 124 "GET /home/header/ HTTP/1.1" 200 217
INFO 2020-11-05 20:52:58,959 basehttp 124 "GET /home/banner/ HTTP/1.1" 200 293
INFO 2020-11-05 20:52:58,964 basehttp 124 "GET /home/footer/ HTTP/1.1" 200 208
INFO 2020-11-05 20:53:03,900 basehttp 124 "GET /home/banner/ HTTP/1.1" 200 293
INFO 2020-11-05 20:53:03,910 basehttp 124 "GET /home/header/ HTTP/1.1" 200 217
INFO 2020-11-05 20:53:03,929 basehttp 124 "GET /home/footer/ HTTP/1.1" 200 208
INFO 2020-11-05 20:53:03,941 basehttp 124 "GET /media/banner/03.png HTTP/1.1" 304 0
INFO 2020-11-05 20:53:03,942 basehttp 124 "GET /media/banner/02_BZ7WAxM.png HTTP/1.1" 304 0
INFO 2020-11-05 20:53:03,956 basehttp 124 "GET /media/banner/01_ARogmV2.png HTTP/1.1" 304 0
INFO 2020-11-05 20:53:13,216 basehttp 124 "GET /home/header/ HTTP/1.1" 200 217
INFO 2020-11-05 20:53:13,220 basehttp 124 "GET /home/banner/ HTTP/1.1" 200 293
INFO 2020-11-05 20:53:13,222 basehttp 124 "GET /home/footer/ HTTP/1.1" 200 208
INFO 2020-11-05 20:53:15,589 basehttp 124 "GET /home/header/ HTTP/1.1" 200 217
INFO 2020-11-05 20:53:15,600 basehttp 124 "GET /home/banner/ HTTP/1.1" 200 293
INFO 2020-11-05 20:53:15,606 basehttp 124 "GET /home/footer/ HTTP/1.1" 200 208
INFO 2020-11-05 20:53:18,318 basehttp 124 "GET /home/header/ HTTP/1.1" 200 217
INFO 2020-11-05 20:53:18,318 basehttp 124 "GET /home/banner/ HTTP/1.1" 200 293
INFO 2020-11-05 20:53:18,325 basehttp 124 "GET /home/footer/ HTTP/1.1" 200 208
INFO 2020-11-05 20:54:12,311 basehttp 124 "GET /home/header/ HTTP/1.1" 200 217
INFO 2020-11-05 20:54:12,333 basehttp 124 "GET /home/banner/ HTTP/1.1" 200 293
INFO 2020-11-05 20:54:12,368 basehttp 124 "GET /home/footer/ HTTP/1.1" 200 208
INFO 2020-11-05 20:54:17,789 basehttp 124 "GET /home/header/ HTTP/1.1" 200 217
INFO 2020-11-05 20:54:17,811 basehttp 124 "GET /home/banner/ HTTP/1.1" 200 293
INFO 2020-11-05 20:54:17,830 basehttp 124 "GET /home/footer/ HTTP/1.1" 200 208
INFO 2020-11-05 20:54:22,449 basehttp 124 "GET /home/header/ HTTP/1.1" 200 217
INFO 2020-11-05 20:54:22,455 basehttp 124 "GET /home/banner/ HTTP/1.1" 200 293
INFO 2020-11-05 20:54:22,467 basehttp 124 "GET /home/footer/ HTTP/1.1" 200 208
INFO 2020-11-05 20:55:12,394 basehttp 124 "POST /user/login/ HTTP/1.1" 200 214
INFO 2020-11-05 20:55:12,460 basehttp 124 "GET /home/banner/ HTTP/1.1" 200 293
INFO 2020-11-05 20:55:12,460 basehttp 124 "GET /home/header/ HTTP/1.1" 200 217
INFO 2020-11-05 20:55:12,463 basehttp 124 "GET /home/footer/ HTTP/1.1" 200 208
INFO 2020-11-05 20:55:34,579 basehttp 124 "GET /home/header/ HTTP/1.1" 200 217
INFO 2020-11-05 20:55:34,582 basehttp 124 "GET /home/banner/ HTTP/1.1" 200 293
INFO 2020-11-05 20:55:34,587 basehttp 124 "GET /home/footer/ HTTP/1.1" 200 208
INFO 2020-11-05 20:55:49,509 basehttp 124 "GET /home/header/ HTTP/1.1" 200 217
INFO 2020-11-05 20:55:49,525 basehttp 124 "GET /home/banner/ HTTP/1.1" 200 293
INFO 2020-11-05 20:55:49,529 basehttp 124 "GET /home/footer/ HTTP/1.1" 200 208
INFO 2020-11-05 20:57:43,903 basehttp 124 "GET /home/banner/ HTTP/1.1" 200 293
INFO 2020-11-05 20:57:43,912 basehttp 124 "GET /home/header/ HTTP/1.1" 200 217
INFO 2020-11-05 20:57:43,929 basehttp 124 "GET /home/footer/ HTTP/1.1" 200 208
INFO 2020-11-05 20:57:54,727 basehttp 124 "GET /home/header/ HTTP/1.1" 200 217
INFO 2020-11-05 20:57:54,752 basehttp 124 "GET /home/banner/ HTTP/1.1" 200 293
INFO 2020-11-05 20:57:54,755 basehttp 124 "GET /home/footer/ HTTP/1.1" 200 208
INFO 2020-11-05 20:58:01,260 basehttp 124 "GET /home/header/ HTTP/1.1" 200 217
INFO 2020-11-05 20:58:01,266 basehttp 124 "GET /home/banner/ HTTP/1.1" 200 293
INFO 2020-11-05 20:58:01,280 basehttp 124 "GET /home/footer/ HTTP/1.1" 200 208
INFO 2020-11-05 20:59:31,264 basehttp 124 "GET /home/header/ HTTP/1.1" 200 217
INFO 2020-11-05 20:59:42,125 basehttp 124 "POST /user/login/ HTTP/1.1" 200 214
INFO 2020-11-05 20:59:42,181 basehttp 124 "GET /home/header/ HTTP/1.1" 200 217
INFO 2020-11-05 20:59:42,187 basehttp 124 "GET /home/banner/ HTTP/1.1" 200 293
INFO 2020-11-05 20:59:42,189 basehttp 124 "GET /home/footer/ HTTP/1.1" 200 208
WARNING 2020-11-05 21:07:08,082 basehttp 124 "POST /user/login/ HTTP/1.1" 400 89
INFO 2020-11-05 21:12:26,977 basehttp 124 "GET /user/captcha/?username=admin HTTP/1.1" 200 140
INFO 2020-11-05 21:12:33,001 basehttp 124 "GET /user/captcha/?username=admin HTTP/1.1" 200 140
INFO 2020-11-05 21:24:15,537 basehttp 124 "GET /user/captcha/?username=admin HTTP/1.1" 200 140
INFO 2020-11-05 21:33:29,907 basehttp 124 "GET /user/captcha/?username= HTTP/1.1" 200 140
INFO 2020-11-05 21:33:39,900 basehttp 124 "GET /user/captcha/?username= HTTP/1.1" 200 140
INFO 2020-11-05 21:33:40,508 basehttp 124 "GET /user/captcha/?username= HTTP/1.1" 200 140
INFO 2020-11-05 21:33:40,655 basehttp 124 "GET /user/captcha/?username= HTTP/1.1" 200 140
INFO 2020-11-05 21:33:40,883 basehttp 124 "GET /user/captcha/?username= HTTP/1.1" 200 140
INFO 2020-11-05 21:33:41,148 basehttp 124 "GET /user/captcha/?username= HTTP/1.1" 200 140
INFO 2020-11-05 21:33:41,298 basehttp 124 "GET /user/captcha/?username= HTTP/1.1" 200 140
INFO 2020-11-05 21:33:41,479 basehttp 124 "GET /user/captcha/?username= HTTP/1.1" 200 140
INFO 2020-11-05 21:33:54,647 basehttp 124 "OPTIONS /user/captcha/ HTTP/1.1" 200 0
INFO 2020-11-05 21:33:54,653 basehttp 124 "POST /user/captcha/ HTTP/1.1" 200 17
WARNING 2020-11-05 21:33:54,664 basehttp 124 "POST /user/login/ HTTP/1.1" 400 89
INFO 2020-11-05 21:35:00,591 basehttp 124 "GET /user/captcha/?username= HTTP/1.1" 200 140
INFO 2020-11-05 21:35:16,701 basehttp 124 "GET /user/captcha/?username=admin HTTP/1.1" 200 140
INFO 2020-11-05 21:35:19,711 basehttp 124 "GET /user/captcha/?username=admin HTTP/1.1" 200 140
INFO 2020-11-05 21:36:26,791 basehttp 124 "GET /user/captcha/?username= HTTP/1.1" 200 140
INFO 2020-11-05 21:36:29,435 basehttp 124 "GET /user/captcha/?username= HTTP/1.1" 200 140
INFO 2020-11-05 21:40:24,162 basehttp 124 "GET /home/banner/ HTTP/1.1" 200 293
INFO 2020-11-05 21:40:24,162 basehttp 124 "GET /home/footer/ HTTP/1.1" 200 208
INFO 2020-11-05 21:40:24,163 basehttp 124 "GET /home/header/ HTTP/1.1" 200 217
INFO 2020-11-05 21:40:24,181 basehttp 124 "GET /media/banner/03.png HTTP/1.1" 304 0
INFO 2020-11-05 21:40:24,188 basehttp 124 "GET /media/banner/01_ARogmV2.png HTTP/1.1" 304 0
INFO 2020-11-05 21:40:24,188 basehttp 124 "GET /media/banner/02_BZ7WAxM.png HTTP/1.1" 304 0
INFO 2020-11-05 21:41:27,766 basehttp 124 "GET /user/captcha/?username=admin HTTP/1.1" 200 140
INFO 2020-11-05 21:41:28,826 basehttp 124 "GET /user/captcha/?username=admin HTTP/1.1" 200 140
INFO 2020-11-05 21:41:30,884 basehttp 124 "GET /user/captcha/?username=admin HTTP/1.1" 200 140
INFO 2020-11-05 21:41:31,086 basehttp 124 "GET /user/captcha/?username=admin HTTP/1.1" 200 140
INFO 2020-11-05 21:41:52,311 basehttp 124 "GET /user/captcha/?username=admin HTTP/1.1" 200 140
INFO 2020-11-05 21:41:59,113 basehttp 124 "POST /user/captcha/ HTTP/1.1" 200 17
INFO 2020-11-05 21:41:59,221 basehttp 124 "POST /user/login/ HTTP/1.1" 200 214
INFO 2020-11-05 21:41:59,317 basehttp 124 "GET /home/header/ HTTP/1.1" 200 217
INFO 2020-11-05 21:41:59,326 basehttp 124 "GET /home/banner/ HTTP/1.1" 200 293
INFO 2020-11-05 21:41:59,341 basehttp 124 "GET /home/footer/ HTTP/1.1" 200 208
INFO 2020-11-05 21:42:05,164 basehttp 124 "GET /home/header/ HTTP/1.1" 200 217
INFO 2020-11-05 21:42:05,195 basehttp 124 "GET /home/banner/ HTTP/1.1" 200 293
INFO 2020-11-05 21:42:05,221 basehttp 124 "GET /home/footer/ HTTP/1.1" 200 208
INFO 2020-11-06 15:59:30,381 basehttp 124 "GET /home/header/ HTTP/1.1" 200 217
INFO 2020-11-06 15:59:30,386 basehttp 124 "GET /home/footer/ HTTP/1.1" 200 208
INFO 2020-11-06 15:59:30,388 basehttp 124 "GET /home/banner/ HTTP/1.1" 200 293
INFO 2020-11-06 15:59:30,674 basehttp 124 "GET /media/banner/01_ARogmV2.png HTTP/1.1" 304 0
INFO 2020-11-06 15:59:30,719 basehttp 124 "GET /media/banner/03.png HTTP/1.1" 304 0
INFO 2020-11-06 15:59:30,769 basehttp 124 "GET /media/banner/02_BZ7WAxM.png HTTP/1.1" 304 0
INFO 2020-11-06 15:59:40,822 basehttp 124 "GET /home/header/ HTTP/1.1" 200 217
INFO 2020-11-06 15:59:40,824 basehttp 124 "GET /home/footer/ HTTP/1.1" 200 208
INFO 2020-11-06 15:59:40,828 basehttp 124 "GET /home/banner/ HTTP/1.1" 200 293
INFO 2020-11-06 16:03:14,334 basehttp 124 "GET /home/header/ HTTP/1.1" 200 217
INFO 2020-11-06 16:03:14,366 basehttp 124 "GET /home/banner/ HTTP/1.1" 200 293
INFO 2020-11-06 16:03:14,385 basehttp 124 "GET /home/footer/ HTTP/1.1" 200 208
INFO 2020-11-06 16:05:24,816 basehttp 124 "GET /home/header/ HTTP/1.1" 200 217
INFO 2020-11-06 16:05:24,828 basehttp 124 "GET /home/banner/ HTTP/1.1" 200 293
INFO 2020-11-06 16:05:24,837 basehttp 124 "GET /home/footer/ HTTP/1.1" 200 208
INFO 2020-11-06 16:05:53,811 basehttp 124 "GET /home/banner/ HTTP/1.1" 200 293
INFO 2020-11-06 16:05:53,812 basehttp 124 "GET /home/header/ HTTP/1.1" 200 217
INFO 2020-11-06 16:05:53,817 basehttp 124 "GET /home/footer/ HTTP/1.1" 200 208
INFO 2020-11-06 16:06:08,636 basehttp 124 "GET /home/header/ HTTP/1.1" 200 217
INFO 2020-11-06 16:06:08,645 basehttp 124 "GET /home/banner/ HTTP/1.1" 200 293
INFO 2020-11-06 16:06:08,650 basehttp 124 "GET /home/footer/ HTTP/1.1" 200 208
INFO 2020-11-06 16:06:10,766 basehttp 124 "GET /home/header/ HTTP/1.1" 200 217
INFO 2020-11-06 16:06:10,767 basehttp 124 "GET /home/banner/ HTTP/1.1" 200 293
INFO 2020-11-06 16:06:10,770 basehttp 124 "GET /home/footer/ HTTP/1.1" 200 208
INFO 2020-11-06 16:06:13,648 basehttp 124 "GET /home/header/ HTTP/1.1" 200 217
INFO 2020-11-06 16:06:13,651 basehttp 124 "GET /home/footer/ HTTP/1.1" 200 208
INFO 2020-11-06 16:06:13,651 basehttp 124 "GET /home/banner/ HTTP/1.1" 200 293
INFO 2020-11-08 14:12:50,893 basehttp 124 "GET /home/footer/ HTTP/1.1" 200 208
INFO 2020-11-08 14:12:50,893 basehttp 124 "GET /home/header/ HTTP/1.1" 200 217
INFO 2020-11-08 14:12:50,894 basehttp 124 "GET /home/banner/ HTTP/1.1" 200 293
INFO 2020-11-08 14:12:50,922 basehttp 124 "GET /media/banner/03.png HTTP/1.1" 304 0
INFO 2020-11-08 14:12:50,925 basehttp 124 "GET /media/banner/02_BZ7WAxM.png HTTP/1.1" 304 0
INFO 2020-11-08 14:12:50,928 basehttp 124 "GET /media/banner/01_ARogmV2.png HTTP/1.1" 304 0
INFO 2020-11-08 14:13:46,528 basehttp 124 "GET /user/phone/?phone=17635194986 HTTP/1.1" 200 16
ERROR 2020-11-08 14:13:51,024 exception 118 Internal Server Error: /user/send/
Traceback (most recent call last):
  File "E:\shixun\02 python web\Django-Virtual-Env\Test\lib\site-packages\django\core\handlers\exception.py", line 35, in inner
    response = get_response(request)
  File "E:\shixun\02 python web\Django-Virtual-Env\Test\lib\site-packages\django\core\handlers\base.py", line 128, in _get_response
    response = self.process_exception_by_middleware(e, request)
  File "E:\shixun\02 python web\Django-Virtual-Env\Test\lib\site-packages\django\core\handlers\base.py", line 126, in _get_response
    response = wrapped_callback(request, *callback_args, **callback_kwargs)
  File "E:\shixun\02 python web\Django-Virtual-Env\Test\lib\site-packages\django\views\decorators\csrf.py", line 54, in wrapped_view
    return view_func(*args, **kwargs)
  File "E:\shixun\02 python web\Django-Virtual-Env\Test\lib\site-packages\django\views\generic\base.py", line 69, in view
    return self.dispatch(request, *args, **kwargs)
  File "E:\shixun\02 python web\Django-Virtual-Env\Test\lib\site-packages\rest_framework\views.py", line 497, in dispatch
    response = self.handle_exception(exc)
  File "E:\shixun\02 python web\Django-Virtual-Env\Test\lib\site-packages\rest_framework\views.py", line 457, in handle_exception
    self.raise_uncaught_exception(exc)
  File "E:\shixun\02 python web\Django-Virtual-Env\Test\lib\site-packages\rest_framework\views.py", line 468, in raise_uncaught_exception
    raise exc
  File "E:\shixun\02 python web\Django-Virtual-Env\Test\lib\site-packages\rest_framework\views.py", line 494, in dispatch
    response = handler(request, *args, **kwargs)
  File "F:\xuexi\05webhigher\homework\baizhi\edu_api\edu_api\apps\user\views.py", line 82, in get
    redis_connection = get_redis_connection("sms_code")
  File "E:\shixun\02 python web\Django-Virtual-Env\Test\lib\site-packages\django_redis\__init__.py", line 12, in get_redis_connection
    cache = caches[alias]
  File "E:\shixun\02 python web\Django-Virtual-Env\Test\lib\site-packages\django\core\cache\__init__.py", line 77, in __getitem__
    "Could not find config for '%s' in settings.CACHES" % alias
django.core.cache.backends.base.InvalidCacheBackendError: Could not find config for 'sms_code' in settings.CACHES
ERROR 2020-11-08 14:13:51,103 basehttp 124 "GET /user/send/?phone=17635194986 HTTP/1.1" 500 21033
INFO 2020-11-08 14:15:26,254 basehttp 124 "GET /user/phone/?phone=17635194986 HTTP/1.1" 200 16
ERROR 2020-11-08 14:15:29,431 exception 118 Internal Server Error: /user/send/
Traceback (most recent call last):
  File "E:\shixun\02 python web\Django-Virtual-Env\Test\lib\site-packages\django\core\handlers\exception.py", line 35, in inner
    response = get_response(request)
  File "E:\shixun\02 python web\Django-Virtual-Env\Test\lib\site-packages\django\core\handlers\base.py", line 128, in _get_response
    response = self.process_exception_by_middleware(e, request)
  File "E:\shixun\02 python web\Django-Virtual-Env\Test\lib\site-packages\django\core\handlers\base.py", line 126, in _get_response
    response = wrapped_callback(request, *callback_args, **callback_kwargs)
  File "E:\shixun\02 python web\Django-Virtual-Env\Test\lib\site-packages\django\views\decorators\csrf.py", line 54, in wrapped_view
    return view_func(*args, **kwargs)
  File "E:\shixun\02 python web\Django-Virtual-Env\Test\lib\site-packages\django\views\generic\base.py", line 69, in view
    return self.dispatch(request, *args, **kwargs)
  File "E:\shixun\02 python web\Django-Virtual-Env\Test\lib\site-packages\rest_framework\views.py", line 497, in dispatch
    response = self.handle_exception(exc)
  File "E:\shixun\02 python web\Django-Virtual-Env\Test\lib\site-packages\rest_framework\views.py", line 457, in handle_exception
    self.raise_uncaught_exception(exc)
  File "E:\shixun\02 python web\Django-Virtual-Env\Test\lib\site-packages\rest_framework\views.py", line 468, in raise_uncaught_exception
    raise exc
  File "E:\shixun\02 python web\Django-Virtual-Env\Test\lib\site-packages\rest_framework\views.py", line 494, in dispatch
    response = handler(request, *args, **kwargs)
  File "F:\xuexi\05webhigher\homework\baizhi\edu_api\edu_api\apps\user\views.py", line 89, in get
    code = "%06d" % random.randint(0, 999999)
AttributeError: 'builtin_function_or_method' object has no attribute 'randint'
ERROR 2020-11-08 14:15:29,445 basehttp 124 "GET /user/send/?phone=17635194986 HTTP/1.1" 500 20915
INFO 2020-11-08 14:16:49,418 basehttp 124 "GET /user/phone/?phone=17635194986 HTTP/1.1" 200 16
INFO 2020-11-08 14:16:53,412 basehttp 124 "GET /user/send/?phone=17635194986 HTTP/1.1" 200 32
INFO 2020-11-08 14:17:40,585 basehttp 124 "OPTIONS /user/register/ HTTP/1.1" 200 0
ERROR 2020-11-08 14:17:40,633 exception 118 Internal Server Error: /user/register/
Traceback (most recent call last):
  File "E:\shixun\02 python web\Django-Virtual-Env\Test\lib\site-packages\rest_framework\serializers.py", line 932, in create
    instance = ModelClass._default_manager.create(**validated_data)
  File "E:\shixun\02 python web\Django-Virtual-Env\Test\lib\site-packages\django\db\models\manager.py", line 82, in manager_method
    return getattr(self.get_queryset(), name)(*args, **kwargs)
  File "E:\shixun\02 python web\Django-Virtual-Env\Test\lib\site-packages\django\db\models\query.py", line 415, in create
    obj = self.model(**kwargs)
  File "E:\shixun\02 python web\Django-Virtual-Env\Test\lib\site-packages\django\db\models\base.py", line 495, in __init__
    raise TypeError("'%s' is an invalid keyword argument for this function" % kwarg)
TypeError: 'code' is an invalid keyword argument for this function

During handling of the above exception, another exception occurred:

Traceback (most recent call last):
  File "E:\shixun\02 python web\Django-Virtual-Env\Test\lib\site-packages\django\core\handlers\exception.py", line 35, in inner
    response = get_response(request)
  File "E:\shixun\02 python web\Django-Virtual-Env\Test\lib\site-packages\django\core\handlers\base.py", line 128, in _get_response
    response = self.process_exception_by_middleware(e, request)
  File "E:\shixun\02 python web\Django-Virtual-Env\Test\lib\site-packages\django\core\handlers\base.py", line 126, in _get_response
    response = wrapped_callback(request, *callback_args, **callback_kwargs)
  File "E:\shixun\02 python web\Django-Virtual-Env\Test\lib\site-packages\django\views\decorators\csrf.py", line 54, in wrapped_view
    return view_func(*args, **kwargs)
  File "E:\shixun\02 python web\Django-Virtual-Env\Test\lib\site-packages\django\views\generic\base.py", line 69, in view
    return self.dispatch(request, *args, **kwargs)
  File "E:\shixun\02 python web\Django-Virtual-Env\Test\lib\site-packages\rest_framework\views.py", line 497, in dispatch
    response = self.handle_exception(exc)
  File "E:\shixun\02 python web\Django-Virtual-Env\Test\lib\site-packages\rest_framework\views.py", line 457, in handle_exception
    self.raise_uncaught_exception(exc)
  File "E:\shixun\02 python web\Django-Virtual-Env\Test\lib\site-packages\rest_framework\views.py", line 468, in raise_uncaught_exception
    raise exc
  File "E:\shixun\02 python web\Django-Virtual-Env\Test\lib\site-packages\rest_framework\views.py", line 494, in dispatch
    response = handler(request, *args, **kwargs)
  File "E:\shixun\02 python web\Django-Virtual-Env\Test\lib\site-packages\rest_framework\generics.py", line 190, in post
    return self.create(request, *args, **kwargs)
  File "E:\shixun\02 python web\Django-Virtual-Env\Test\lib\site-packages\rest_framework\mixins.py", line 19, in create
    self.perform_create(serializer)
  File "E:\shixun\02 python web\Django-Virtual-Env\Test\lib\site-packages\rest_framework\mixins.py", line 24, in perform_create
    serializer.save()
  File "E:\shixun\02 python web\Django-Virtual-Env\Test\lib\site-packages\rest_framework\serializers.py", line 213, in save
    self.instance = self.create(validated_data)
  File "E:\shixun\02 python web\Django-Virtual-Env\Test\lib\site-packages\rest_framework\serializers.py", line 951, in create
    raise TypeError(msg)
TypeError: Got a `TypeError` when calling `UserInfo.objects.create()`. This may be because you have a writable field on the serializer class that is not a valid argument to `UserInfo.objects.create()`. You may need to make the field read-only, or override the UserModelSerializer.create() method to handle this correctly.
Original exception was:
 Traceback (most recent call last):
  File "E:\shixun\02 python web\Django-Virtual-Env\Test\lib\site-packages\rest_framework\serializers.py", line 932, in create
    instance = ModelClass._default_manager.create(**validated_data)
  File "E:\shixun\02 python web\Django-Virtual-Env\Test\lib\site-packages\django\db\models\manager.py", line 82, in manager_method
    return getattr(self.get_queryset(), name)(*args, **kwargs)
  File "E:\shixun\02 python web\Django-Virtual-Env\Test\lib\site-packages\django\db\models\query.py", line 415, in create
    obj = self.model(**kwargs)
  File "E:\shixun\02 python web\Django-Virtual-Env\Test\lib\site-packages\django\db\models\base.py", line 495, in __init__
    raise TypeError("'%s' is an invalid keyword argument for this function" % kwarg)
TypeError: 'code' is an invalid keyword argument for this function

ERROR 2020-11-08 14:17:40,671 basehttp 124 "POST /user/register/ HTTP/1.1" 500 24701
INFO 2020-11-08 14:24:22,450 basehttp 124 "GET /admin/ HTTP/1.1" 200 15507
INFO 2020-11-08 14:24:22,510 basehttp 124 "GET /static/xadmin/vendor/bootstrap/css/bootstrap.css HTTP/1.1" 304 0
INFO 2020-11-08 14:24:22,515 basehttp 124 "GET /static/xadmin/css/themes/bootstrap-xadmin.css HTTP/1.1" 304 0
INFO 2020-11-08 14:24:22,521 basehttp 124 "GET /static/xadmin/css/xadmin.plugins.css HTTP/1.1" 304 0
INFO 2020-11-08 14:24:22,522 basehttp 124 "GET /static/xadmin/vendor/font-awesome/css/font-awesome.css HTTP/1.1" 304 0
INFO 2020-11-08 14:24:22,527 basehttp 124 "GET /static/xadmin/css/xadmin.main.css HTTP/1.1" 304 0
INFO 2020-11-08 14:24:22,531 basehttp 124 "GET /static/xadmin/css/xadmin.responsive.css HTTP/1.1" 304 0
INFO 2020-11-08 14:24:22,534 basehttp 124 "GET /static/xadmin/css/xadmin.page.dashboard.css HTTP/1.1" 304 0
INFO 2020-11-08 14:24:22,535 basehttp 124 "GET /static/xadmin/vendor/jquery/jquery.js HTTP/1.1" 304 0
INFO 2020-11-08 14:24:22,547 basehttp 124 "GET /static/xadmin/vendor/jquery-ui/jquery.ui.widget.js HTTP/1.1" 304 0
INFO 2020-11-08 14:24:22,548 basehttp 124 "GET /static/xadmin/vendor/jquery-ui/jquery.ui.sortable.js HTTP/1.1" 304 0
INFO 2020-11-08 14:24:22,562 basehttp 124 "GET /admin/jsi18n/ HTTP/1.1" 200 7716
INFO 2020-11-08 14:24:22,565 basehttp 124 "GET /static/xadmin/js/xadmin.responsive.js HTTP/1.1" 304 0
INFO 2020-11-08 14:24:22,572 basehttp 124 "GET /static/xadmin/js/xadmin.plugin.themes.js HTTP/1.1" 304 0
INFO 2020-11-08 14:24:22,580 basehttp 124 "GET /static/xadmin/js/xadmin.page.dashboard.js HTTP/1.1" 304 0
INFO 2020-11-08 14:24:22,582 basehttp 124 "GET /static/xadmin/js/xadmin.plugin.portal.js HTTP/1.1" 304 0
INFO 2020-11-08 14:24:22,584 basehttp 124 "GET /static/xadmin/vendor/bootstrap/js/bootstrap.js HTTP/1.1" 304 0
INFO 2020-11-08 14:24:22,585 basehttp 124 "GET /static/xadmin/vendor/jquery-ui/jquery.ui.core.js HTTP/1.1" 304 0
INFO 2020-11-08 14:24:22,586 basehttp 124 "GET /static/xadmin/js/xadmin.main.js HTTP/1.1" 304 0
INFO 2020-11-08 14:24:22,587 basehttp 124 "GET /static/xadmin/vendor/jquery-ui/jquery.ui.effect.js HTTP/1.1" 304 0
INFO 2020-11-08 14:24:22,591 basehttp 124 "GET /static/xadmin/vendor/jquery-ui/jquery.ui.mouse.js HTTP/1.1" 304 0
INFO 2020-11-08 14:24:22,652 basehttp 124 "GET /static/xadmin/vendor/font-awesome/fonts/fontawesome-webfont.woff?v=4.0.3 HTTP/1.1" 304 0
WARNING 2020-11-08 14:24:22,720 base 93 Not Found: /favicon.ico
WARNING 2020-11-08 14:24:22,721 basehttp 124 "GET /favicon.ico HTTP/1.1" 404 2308
INFO 2020-11-08 14:24:27,862 basehttp 124 "GET /admin/user/userinfo/ HTTP/1.1" 200 35394
INFO 2020-11-08 14:24:27,891 basehttp 124 "GET /static/xadmin/css/xadmin.form.css HTTP/1.1" 304 0
INFO 2020-11-08 14:24:27,913 basehttp 124 "GET /static/xadmin/js/xadmin.plugin.details.js HTTP/1.1" 304 0
INFO 2020-11-08 14:24:27,913 basehttp 124 "GET /static/xadmin/js/xadmin.plugin.bookmark.js HTTP/1.1" 304 0
INFO 2020-11-08 14:24:27,922 basehttp 124 "GET /admin/jsi18n/ HTTP/1.1" 200 7716
INFO 2020-11-08 14:24:27,927 basehttp 124 "GET /static/xadmin/js/xadmin.plugin.filters.js HTTP/1.1" 304 0
INFO 2020-11-08 14:24:27,927 basehttp 124 "GET /static/xadmin/js/xadmin.plugin.actions.js HTTP/1.1" 304 0
INFO 2020-11-08 14:24:27,930 basehttp 124 "GET /static/xadmin/js/xadmin.page.list.js HTTP/1.1" 304 0
INFO 2020-11-08 14:24:27,931 basehttp 124 "GET /static/xadmin/js/xadmin.page.form.js HTTP/1.1" 304 0
INFO 2020-11-08 14:24:33,318 basehttp 124 "GET /admin/user/userinfo/1/update/ HTTP/1.1" 200 32182
INFO 2020-11-08 14:24:33,359 basehttp 124 "GET /static/xadmin/vendor/bootstrap-clockpicker/bootstrap-clockpicker.css HTTP/1.1" 200 3729
INFO 2020-11-08 14:24:33,376 basehttp 124 "GET /static/xadmin/css/xadmin.widget.select-transfer.css HTTP/1.1" 200 2317
INFO 2020-11-08 14:24:33,378 basehttp 124 "GET /static/xadmin/vendor/bootstrap-image-gallery/css/bootstrap-image-gallery.css HTTP/1.1" 304 0
INFO 2020-11-08 14:24:33,385 basehttp 124 "GET /static/xadmin/vendor/bootstrap-datepicker/css/datepicker.css HTTP/1.1" 304 0
INFO 2020-11-08 14:24:33,393 basehttp 124 "GET /static/xadmin/vendor/load-image/load-image.js HTTP/1.1" 304 0
INFO 2020-11-08 14:24:33,402 basehttp 124 "GET /admin/jsi18n/ HTTP/1.1" 200 7716
INFO 2020-11-08 14:24:33,403 basehttp 124 "GET /static/xadmin/vendor/bootstrap-image-gallery/js/bootstrap-image-gallery.js HTTP/1.1" 304 0
INFO 2020-11-08 14:24:33,416 basehttp 124 "GET /static/xadmin/js/xadmin.widget.datetime.js HTTP/1.1" 304 0
INFO 2020-11-08 14:24:33,417 basehttp 124 "GET /static/xadmin/vendor/bootstrap-datepicker/js/bootstrap-datepicker.js HTTP/1.1" 304 0
INFO 2020-11-08 14:24:33,423 basehttp 124 "GET /static/xadmin/vendor/bootstrap-clockpicker/bootstrap-clockpicker.js HTTP/1.1" 200 21112
INFO 2020-11-08 14:24:33,435 basehttp 124 "GET /static/xadmin/js/xadmin.plugin.quick-form.js HTTP/1.1" 200 7546
INFO 2020-11-08 14:24:33,435 basehttp 124 "GET /static/xadmin/js/xadmin.widget.select-transfer.js HTTP/1.1" 200 8214
INFO 2020-11-08 14:24:36,721 basehttp 124 "GET /admin/user/userinfo/ HTTP/1.1" 200 35394
INFO 2020-11-08 14:24:52,803 basehttp 124 "GET /admin/user/userinfo/1/update/ HTTP/1.1" 200 32182
INFO 2020-11-08 14:24:52,862 basehttp 124 "GET /admin/jsi18n/ HTTP/1.1" 200 7716
INFO 2020-11-08 14:31:48,986 basehttp 124 "GET /user/phone/?phone=17635194986 HTTP/1.1" 200 16
INFO 2020-11-08 14:31:53,563 basehttp 124 "GET /user/send/?phone=17635194986 HTTP/1.1" 200 32
ERROR 2020-11-08 14:32:08,476 exception 118 Internal Server Error: /user/register/
Traceback (most recent call last):
  File "E:\shixun\02 python web\Django-Virtual-Env\Test\lib\site-packages\django\core\handlers\exception.py", line 35, in inner
    response = get_response(request)
  File "E:\shixun\02 python web\Django-Virtual-Env\Test\lib\site-packages\django\core\handlers\base.py", line 128, in _get_response
    response = self.process_exception_by_middleware(e, request)
  File "E:\shixun\02 python web\Django-Virtual-Env\Test\lib\site-packages\django\core\handlers\base.py", line 126, in _get_response
    response = wrapped_callback(request, *callback_args, **callback_kwargs)
  File "E:\shixun\02 python web\Django-Virtual-Env\Test\lib\site-packages\django\views\decorators\csrf.py", line 54, in wrapped_view
    return view_func(*args, **kwargs)
  File "E:\shixun\02 python web\Django-Virtual-Env\Test\lib\site-packages\django\views\generic\base.py", line 69, in view
    return self.dispatch(request, *args, **kwargs)
  File "E:\shixun\02 python web\Django-Virtual-Env\Test\lib\site-packages\rest_framework\views.py", line 497, in dispatch
    response = self.handle_exception(exc)
  File "E:\shixun\02 python web\Django-Virtual-Env\Test\lib\site-packages\rest_framework\views.py", line 457, in handle_exception
    self.raise_uncaught_exception(exc)
  File "E:\shixun\02 python web\Django-Virtual-Env\Test\lib\site-packages\rest_framework\views.py", line 468, in raise_uncaught_exception
    raise exc
  File "E:\shixun\02 python web\Django-Virtual-Env\Test\lib\site-packages\rest_framework\views.py", line 494, in dispatch
    response = handler(request, *args, **kwargs)
  File "E:\shixun\02 python web\Django-Virtual-Env\Test\lib\site-packages\rest_framework\generics.py", line 190, in post
    return self.create(request, *args, **kwargs)
  File "E:\shixun\02 python web\Django-Virtual-Env\Test\lib\site-packages\rest_framework\mixins.py", line 18, in create
    serializer.is_valid(raise_exception=True)
  File "E:\shixun\02 python web\Django-Virtual-Env\Test\lib\site-packages\rest_framework\serializers.py", line 235, in is_valid
    self._validated_data = self.run_validation(self.initial_data)
  File "E:\shixun\02 python web\Django-Virtual-Env\Test\lib\site-packages\rest_framework\serializers.py", line 433, in run_validation
    value = self.validate(value)
  File "F:\xuexi\05webhigher\homework\baizhi\edu_api\edu_api\apps\user\serializer.py", line 55, in validate
    if mobile_code.decode()!=sms_code:
AttributeError: 'NoneType' object has no attribute 'decode'
ERROR 2020-11-08 14:32:08,493 basehttp 124 "POST /user/register/ HTTP/1.1" 500 21583
INFO 2020-11-08 14:37:47,751 basehttp 124 "GET /user/phone/?phone=17635194986 HTTP/1.1" 200 16
INFO 2020-11-08 14:37:57,033 basehttp 124 "GET /user/send/?phone=17635194986 HTTP/1.1" 200 32
INFO 2020-11-08 14:38:16,411 basehttp 124 "POST /user/register/ HTTP/1.1" 201 213
INFO 2020-11-08 14:38:16,495 basehttp 124 "GET /home/header/ HTTP/1.1" 200 217
INFO 2020-11-08 14:38:16,501 basehttp 124 "GET /home/banner/ HTTP/1.1" 200 293
INFO 2020-11-08 14:38:16,504 basehttp 124 "GET /home/footer/ HTTP/1.1" 200 208
INFO 2020-11-08 14:38:49,975 basehttp 124 "GET /user/captcha/?username=17635194986 HTTP/1.1" 200 140
INFO 2020-11-08 14:38:57,285 basehttp 124 "OPTIONS /user/captcha/ HTTP/1.1" 200 0
INFO 2020-11-08 14:38:57,291 basehttp 124 "POST /user/captcha/ HTTP/1.1" 200 17
INFO 2020-11-08 14:38:57,304 basehttp 124 "OPTIONS /user/login/ HTTP/1.1" 200 0
INFO 2020-11-08 14:38:57,401 basehttp 124 "POST /user/login/ HTTP/1.1" 200 214
INFO 2020-11-08 14:38:57,472 basehttp 124 "GET /home/banner/ HTTP/1.1" 200 293
INFO 2020-11-08 14:38:57,472 basehttp 124 "GET /home/header/ HTTP/1.1" 200 217
INFO 2020-11-08 14:38:57,475 basehttp 124 "GET /home/footer/ HTTP/1.1" 200 208
INFO 2020-11-08 14:39:42,729 basehttp 124 "GET /admin/user/userinfo/1/update/ HTTP/1.1" 200 32182
INFO 2020-11-08 14:39:42,787 basehttp 124 "GET /admin/jsi18n/ HTTP/1.1" 200 7716
INFO 2020-11-08 14:39:44,362 basehttp 124 "GET /admin/user/userinfo/ HTTP/1.1" 200 37958
INFO 2020-11-08 14:39:56,168 basehttp 124 "GET /admin/user/userinfo/2/update/ HTTP/1.1" 200 32155
INFO 2020-11-08 14:39:56,225 basehttp 124 "GET /admin/jsi18n/ HTTP/1.1" 200 7716
INFO 2020-11-08 14:58:59,259 basehttp 124 "GET /home/header/ HTTP/1.1" 200 217
INFO 2020-11-08 14:58:59,270 basehttp 124 "GET /home/footer/ HTTP/1.1" 200 208
INFO 2020-11-08 14:58:59,271 basehttp 124 "GET /home/banner/ HTTP/1.1" 200 293
INFO 2020-11-08 14:59:01,724 basehttp 124 "GET /home/header/ HTTP/1.1" 200 217
INFO 2020-11-08 14:59:01,742 basehttp 124 "GET /home/banner/ HTTP/1.1" 200 293
INFO 2020-11-08 14:59:01,777 basehttp 124 "GET /home/footer/ HTTP/1.1" 200 208
INFO 2020-11-08 14:59:24,436 basehttp 124 "GET /admin/ HTTP/1.1" 200 15507
INFO 2020-11-08 14:59:24,505 basehttp 124 "GET /admin/jsi18n/ HTTP/1.1" 200 7716
INFO 2020-11-08 14:59:27,209 basehttp 124 "GET /admin/user/userinfo/ HTTP/1.1" 200 37958
INFO 2020-11-08 14:59:27,263 basehttp 124 "GET /admin/jsi18n/ HTTP/1.1" 200 7716
INFO 2020-11-08 14:59:32,970 basehttp 124 "POST /admin/user/userinfo/ HTTP/1.1" 200 15791
INFO 2020-11-08 14:59:33,017 basehttp 124 "GET /admin/jsi18n/ HTTP/1.1" 200 7716
INFO 2020-11-08 14:59:34,097 basehttp 124 "POST /admin/user/userinfo/ HTTP/1.1" 302 0
INFO 2020-11-08 14:59:34,173 basehttp 124 "GET /admin/user/userinfo/ HTTP/1.1" 200 35619
INFO 2020-11-08 14:59:34,226 basehttp 124 "GET /admin/jsi18n/ HTTP/1.1" 200 7716
INFO 2020-11-08 14:59:45,934 basehttp 124 "GET /user/phone/?phone=17635194986 HTTP/1.1" 200 16
INFO 2020-11-08 14:59:48,913 basehttp 124 "GET /user/send/?phone=17635194986 HTTP/1.1" 200 32
INFO 2020-11-08 15:02:25,353 basehttp 124 "GET /user/phone/?phone=17635194986 HTTP/1.1" 200 16
INFO 2020-11-08 15:02:28,245 basehttp 124 "GET /user/send/?phone=17635194986 HTTP/1.1" 200 32
INFO 2020-11-08 15:02:41,249 basehttp 124 "GET /user/phone/?phone=17635194986 HTTP/1.1" 200 16
WARNING 2020-11-08 15:02:43,243 basehttp 124 "GET /user/send/?phone=17635194986 HTTP/1.1" 400 50
INFO 2020-11-08 15:05:21,363 basehttp 124 "GET /user/phone/?phone=17635194986 HTTP/1.1" 200 16
INFO 2020-11-08 15:05:24,545 basehttp 124 "GET /user/send/?phone=17635194986 HTTP/1.1" 200 32
INFO 2020-11-08 15:06:08,950 basehttp 124 "GET /user/phone/?phone=17635194986 HTTP/1.1" 200 16
WARNING 2020-11-08 15:06:12,712 basehttp 124 "GET /user/send/?phone=17635194986 HTTP/1.1" 400 50
INFO 2020-11-08 15:07:05,607 basehttp 124 "GET /user/phone/?phone=17635194986 HTTP/1.1" 200 16
INFO 2020-11-08 15:07:22,225 basehttp 124 "GET /user/send/?phone=17635194986 HTTP/1.1" 200 32
INFO 2020-11-08 15:07:53,593 basehttp 124 "GET /user/phone/?phone=17635194986 HTTP/1.1" 200 16
WARNING 2020-11-08 15:07:55,992 basehttp 124 "GET /user/send/?phone=17635194986 HTTP/1.1" 400 50
INFO 2020-11-08 15:09:09,071 basehttp 124 "GET /user/phone/?phone=17635194986 HTTP/1.1" 200 16
INFO 2020-11-08 15:09:12,988 basehttp 124 "GET /user/send/?phone=17635194986 HTTP/1.1" 200 32
INFO 2020-11-08 16:10:54,852 basehttp 124 "GET /user/phone/?phone=17635194986 HTTP/1.1" 200 16
INFO 2020-11-08 16:10:58,768 basehttp 124 "GET /user/send/?phone=17635194986 HTTP/1.1" 200 32
INFO 2020-11-08 16:11:09,280 basehttp 124 "POST /user/register/ HTTP/1.1" 201 213
INFO 2020-11-08 16:11:09,351 basehttp 124 "GET /home/footer/ HTTP/1.1" 200 208
INFO 2020-11-08 16:11:09,362 basehttp 124 "GET /home/banner/ HTTP/1.1" 200 293
INFO 2020-11-08 16:11:09,362 basehttp 124 "GET /home/header/ HTTP/1.1" 200 217
INFO 2020-11-08 16:11:25,746 basehttp 124 "GET /admin/user/userinfo/ HTTP/1.1" 200 37958
INFO 2020-11-08 16:11:25,794 basehttp 124 "GET /admin/jsi18n/ HTTP/1.1" 200 7716
INFO 2020-11-08 16:15:06,157 basehttp 124 "GET /home/header/ HTTP/1.1" 200 217
INFO 2020-11-08 16:15:06,157 basehttp 124 "GET /home/banner/ HTTP/1.1" 200 293
INFO 2020-11-08 16:15:06,157 basehttp 124 "GET /home/footer/ HTTP/1.1" 200 208
